2025-12-16 11:22:04.147 [main] [TID: N/A] INFO  c.a.nacos.client.utils.ParamUtil - [settings] [req-serv] nacos-server port:8848
2025-12-16 11:22:04.150 [main] [TID: N/A] INFO  c.a.nacos.client.utils.ParamUtil - [settings] [http-client] connect timeout:1000
2025-12-16 11:22:04.151 [Thread-1] [TID: N/A] INFO  c.a.n.c.a.r.i.CredentialWatcher - null No credential found
2025-12-16 11:22:04.151 [main] [TID: N/A] INFO  c.a.nacos.client.utils.ParamUtil - PER_TASK_CONFIG_SIZE: 3000.0
2025-12-16 11:22:04.167 [main] [TID: N/A] INFO  com.alibaba.nacos.common.labels - DefaultLabelsCollectorManager get labels.....
2025-12-16 11:22:04.167 [main] [TID: N/A] INFO  com.alibaba.nacos.common.labels - Process LabelsCollector with [name:defaultNacosLabelsCollector]
2025-12-16 11:22:04.177 [main] [TID: N/A] INFO  com.alibaba.nacos.common.labels - default nacos collect properties raw labels: null
2025-12-16 11:22:04.178 [main] [TID: N/A] INFO  com.alibaba.nacos.common.labels - default nacos collect properties labels: {}
2025-12-16 11:22:04.178 [main] [TID: N/A] INFO  com.alibaba.nacos.common.labels - default nacos collect jvm raw labels: null
2025-12-16 11:22:04.178 [main] [TID: N/A] INFO  com.alibaba.nacos.common.labels - default nacos collect jvm labels: {}
2025-12-16 11:22:04.178 [main] [TID: N/A] INFO  com.alibaba.nacos.common.labels - default nacos collect env raw labels: null
2025-12-16 11:22:04.178 [main] [TID: N/A] INFO  com.alibaba.nacos.common.labels - default nacos collect env labels: {}
2025-12-16 11:22:04.179 [main] [TID: N/A] INFO  com.alibaba.nacos.common.labels - DefaultLabelsCollectorManager get labels finished,labels :{}
2025-12-16 11:22:04.184 [main] [TID: N/A] INFO  c.a.n.p.a.s.c.ClientAuthPluginManager - [ClientAuthPluginManager] Load ClientAuthService com.alibaba.nacos.client.auth.impl.NacosClientAuthServiceImpl success.
2025-12-16 11:22:04.184 [main] [TID: N/A] INFO  c.a.n.p.a.s.c.ClientAuthPluginManager - [ClientAuthPluginManager] Load ClientAuthService com.alibaba.nacos.client.auth.ram.RamClientAuthServiceImpl success.
2025-12-16 11:22:05.271 [main] [TID: N/A] INFO  c.a.n.c.c.i.LocalConfigInfoProcessor - LOCAL_SNAPSHOT_PATH:C:\Users\NeoSunJz\nacos\config
2025-12-16 11:22:05.274 [main] [TID: N/A] INFO  c.alibaba.nacos.common.remote.client - [RpcClientFactory] create a new rpc client of 53b38d54-1e06-4847-a3d8-46a4a7169623_config-0
2025-12-16 11:22:05.287 [main] [TID: N/A] INFO  c.alibaba.nacos.common.remote.client - [53b38d54-1e06-4847-a3d8-46a4a7169623_config-0] Register server push request handler:com.alibaba.nacos.client.config.impl.ClientWorker$ConfigRpcTransportClient$$Lambda/0x0000022602348a88
2025-12-16 11:22:05.287 [main] [TID: N/A] INFO  c.alibaba.nacos.common.remote.client - [53b38d54-1e06-4847-a3d8-46a4a7169623_config-0] Register server push request handler:com.alibaba.nacos.client.config.impl.ClientWorker$ConfigRpcTransportClient$$Lambda/0x0000022602348e98
2025-12-16 11:22:05.287 [main] [TID: N/A] INFO  c.alibaba.nacos.common.remote.client - [53b38d54-1e06-4847-a3d8-46a4a7169623_config-0] Registry connection listener to current client:com.alibaba.nacos.client.config.impl.ClientWorker$ConfigRpcTransportClient$1
2025-12-16 11:22:05.287 [main] [TID: N/A] INFO  c.alibaba.nacos.common.remote.client - [53b38d54-1e06-4847-a3d8-46a4a7169623_config-0] RpcClient init, ServerListFactory = com.alibaba.nacos.client.config.impl.ClientWorker$ConfigRpcTransportClient$2
2025-12-16 11:22:05.291 [main] [TID: N/A] INFO  c.alibaba.nacos.common.remote.client - [53b38d54-1e06-4847-a3d8-46a4a7169623_config-0] Try to connect to server on start up, server: {serverIp = 'wisepen-dev-server', server main port = 8848}
2025-12-16 11:22:05.316 [main] [TID: N/A] INFO  c.a.n.c.r.client.grpc.GrpcClient - grpc client connection server:wisepen-dev-server ip,serverPort:9848,grpcTslConfig:{"sslProvider":"","enableTls":false,"mutualAuthEnable":false,"trustAll":false}
2025-12-16 11:22:05.717 [main] [TID: N/A] INFO  c.a.n.c.a.AbstractAbilityControlManager - Ready to get current node abilities...
2025-12-16 11:22:05.718 [main] [TID: N/A] INFO  c.a.n.c.a.AbstractAbilityControlManager - Ready to initialize current node abilities, support modes: [SDK_CLIENT]
2025-12-16 11:22:05.718 [main] [TID: N/A] INFO  c.a.n.c.a.AbstractAbilityControlManager - Initialize current abilities finish...
2025-12-16 11:22:05.719 [main] [TID: N/A] INFO  c.a.n.c.a.d.NacosAbilityManagerHolder - [AbilityControlManager] Successfully initialize AbilityControlManager
2025-12-16 11:22:05.735 [main] [TID: N/A] INFO  c.alibaba.nacos.common.remote.client - [53b38d54-1e06-4847-a3d8-46a4a7169623_config-0] Success to connect to server [wisepen-dev-server:8848] on start up, connectionId = 1765855325732_10.177.21.88_50179
2025-12-16 11:22:05.735 [com.alibaba.nacos.client.remote.worker.0] [TID: N/A] INFO  c.alibaba.nacos.common.remote.client - [53b38d54-1e06-4847-a3d8-46a4a7169623_config-0] Notify connected event to listeners.
2025-12-16 11:22:05.736 [com.alibaba.nacos.client.remote.worker.0] [TID: N/A] INFO  c.a.n.c.config.impl.ClientWorker - [53b38d54-1e06-4847-a3d8-46a4a7169623_config-0] Connected,notify listen context...
2025-12-16 11:22:05.736 [main] [TID: N/A] INFO  c.alibaba.nacos.common.remote.client - [53b38d54-1e06-4847-a3d8-46a4a7169623_config-0] Register server push request handler:com.alibaba.nacos.common.remote.client.RpcClient$ConnectResetRequestHandler
2025-12-16 11:22:05.736 [main] [TID: N/A] INFO  c.alibaba.nacos.common.remote.client - [53b38d54-1e06-4847-a3d8-46a4a7169623_config-0] Register server push request handler:com.alibaba.nacos.common.remote.client.RpcClient$$Lambda/0x00000226024d2630
2025-12-16 11:22:05.774 [main] [TID: N/A] INFO  c.a.nacos.client.config.impl.Limiter - limitTime:5.0
2025-12-16 11:22:05.788 [main] [TID: N/A] WARN  c.a.c.n.c.NacosPropertySourceBuilder - Ignore the empty nacos configuration and get it based on dataId[wisepen-system-service] & group[DEFAULT_GROUP]
2025-12-16 11:22:05.793 [main] [TID: N/A] WARN  c.a.c.n.c.NacosPropertySourceBuilder - Ignore the empty nacos configuration and get it based on dataId[wisepen-system-service.yaml] & group[DEFAULT_GROUP]
2025-12-16 11:22:05.804 [main] [TID: N/A] INFO  c.a.n.client.config.utils.JvmUtil - isMultiInstance:false
2025-12-16 11:22:05.809 [main] [TID: N/A] INFO  o.s.c.b.c.PropertySourceBootstrapConfiguration - Located property source: [BootstrapPropertySource {name='bootstrapProperties-wisepen-system-service-dev.yaml,DEFAULT_GROUP'}, BootstrapPropertySource {name='bootstrapProperties-wisepen-system-service.yaml,DEFAULT_GROUP'}, BootstrapPropertySource {name='bootstrapProperties-wisepen-system-service,DEFAULT_GROUP'}]
2025-12-16 11:22:05.813 [main] [TID: N/A] INFO  c.o.wisepen.system.SystemApplication - The following 1 profile is active: "dev"
2025-12-16 11:22:06.121 [main] [TID: N/A] WARN  o.s.b.w.s.c.AnnotationConfigServletWebServerApplicationContext - Exception encountered during context initialization - cancelling refresh attempt: java.lang.IllegalStateException: Error processing condition on org.springframework.boot.autoconfigure.jmx.JmxAutoConfiguration.mbeanExporter
2025-12-16 11:22:06.125 [main] [TID: N/A] INFO  o.s.b.a.l.ConditionEvaluationReportLogger - 

Error starting ApplicationContext. To display the condition evaluation report re-run your application with 'debug' enabled.
2025-12-16 11:22:06.140 [main] [TID: N/A] ERROR o.s.boot.SpringApplication - Application run failed
java.lang.IllegalStateException: Error processing condition on org.springframework.boot.autoconfigure.jmx.JmxAutoConfiguration.mbeanExporter
	at org.springframework.boot.autoconfigure.condition.SpringBootCondition.matches(SpringBootCondition.java:60)
	at org.springframework.context.annotation.ConditionEvaluator.shouldSkip(ConditionEvaluator.java:108)
	at org.springframework.context.annotation.ConfigurationClassBeanDefinitionReader.loadBeanDefinitionsForBeanMethod(ConfigurationClassBeanDefinitionReader.java:183)
	at org.springframework.context.annotation.ConfigurationClassBeanDefinitionReader.loadBeanDefinitionsForConfigurationClass(ConfigurationClassBeanDefinitionReader.java:144)
	at org.springframework.context.annotation.ConfigurationClassBeanDefinitionReader.loadBeanDefinitions(ConfigurationClassBeanDefinitionReader.java:120)
	at org.springframework.context.annotation.ConfigurationClassPostProcessor.processConfigBeanDefinitions(ConfigurationClassPostProcessor.java:428)
	at org.springframework.context.annotation.ConfigurationClassPostProcessor.postProcessBeanDefinitionRegistry(ConfigurationClassPostProcessor.java:289)
	at org.springframework.context.support.PostProcessorRegistrationDelegate.invokeBeanDefinitionRegistryPostProcessors(PostProcessorRegistrationDelegate.java:349)
	at org.springframework.context.support.PostProcessorRegistrationDelegate.invokeBeanFactoryPostProcessors(PostProcessorRegistrationDelegate.java:118)
	at org.springframework.context.support.AbstractApplicationContext.invokeBeanFactoryPostProcessors(AbstractApplicationContext.java:788)
	at org.springframework.context.support.AbstractApplicationContext.refresh(AbstractApplicationContext.java:606)
	at org.springframework.boot.web.servlet.context.ServletWebServerApplicationContext.refresh(ServletWebServerApplicationContext.java:146)
	at org.springframework.boot.SpringApplication.refresh(SpringApplication.java:754)
	at org.springframework.boot.SpringApplication.refreshContext(SpringApplication.java:456)
	at org.springframework.boot.SpringApplication.run(SpringApplication.java:334)
	at org.springframework.boot.SpringApplication.run(SpringApplication.java:1354)
	at org.springframework.boot.SpringApplication.run(SpringApplication.java:1343)
	at com.oriole.wisepen.system.SystemApplication.main(SystemApplication.java:11)
Caused by: java.lang.IllegalStateException: Failed to introspect Class [com.oriole.wisepen.common.config.SaTokenConfigure] from ClassLoader [jdk.internal.loader.ClassLoaders$AppClassLoader@36baf30c]
	at org.springframework.util.ReflectionUtils.getDeclaredMethods(ReflectionUtils.java:483)
	at org.springframework.util.ReflectionUtils.doWithMethods(ReflectionUtils.java:360)
	at org.springframework.util.ReflectionUtils.getUniqueDeclaredMethods(ReflectionUtils.java:417)
	at org.springframework.beans.factory.support.AbstractAutowireCapableBeanFactory.lambda$getTypeForFactoryMethod$1(AbstractAutowireCapableBeanFactory.java:750)
	at java.base/java.util.concurrent.ConcurrentHashMap.computeIfAbsent(ConcurrentHashMap.java:1708)
	at org.springframework.beans.factory.support.AbstractAutowireCapableBeanFactory.getTypeForFactoryMethod(AbstractAutowireCapableBeanFactory.java:749)
	at org.springframework.beans.factory.support.AbstractAutowireCapableBeanFactory.determineTargetType(AbstractAutowireCapableBeanFactory.java:682)
	at org.springframework.beans.factory.support.AbstractAutowireCapableBeanFactory.predictBeanType(AbstractAutowireCapableBeanFactory.java:653)
	at org.springframework.beans.factory.support.AbstractBeanFactory.isFactoryBean(AbstractBeanFactory.java:1645)
	at org.springframework.beans.factory.support.DefaultListableBeanFactory.doGetBeanNamesForType(DefaultListableBeanFactory.java:562)
	at org.springframework.beans.factory.support.DefaultListableBeanFactory.getBeanNamesForType(DefaultListableBeanFactory.java:534)
	at org.springframework.boot.autoconfigure.condition.OnBeanCondition.collectBeanNamesForType(OnBeanCondition.java:247)
	at org.springframework.boot.autoconfigure.condition.OnBeanCondition.getBeanNamesForType(OnBeanCondition.java:240)
	at org.springframework.boot.autoconfigure.condition.OnBeanCondition.getBeanNamesForType(OnBeanCondition.java:230)
	at org.springframework.boot.autoconfigure.condition.OnBeanCondition.getMatchingBeans(OnBeanCondition.java:183)
	at org.springframework.boot.autoconfigure.condition.OnBeanCondition.getMatchOutcome(OnBeanCondition.java:158)
	at org.springframework.boot.autoconfigure.condition.SpringBootCondition.matches(SpringBootCondition.java:47)
	... 17 common frames omitted
Caused by: java.lang.NoClassDefFoundError: cn/dev33/satoken/jwt/StpLogicJwtForMixin
	at java.base/java.lang.Class.getDeclaredMethods0(Native Method)
	at java.base/java.lang.Class.privateGetDeclaredMethods(Class.java:3578)
	at java.base/java.lang.Class.getDeclaredMethods(Class.java:2676)
	at org.springframework.util.ReflectionUtils.getDeclaredMethods(ReflectionUtils.java:465)
	... 33 common frames omitted
Caused by: java.lang.ClassNotFoundException: cn.dev33.satoken.jwt.StpLogicJwtForMixin
	at java.base/jdk.internal.loader.BuiltinClassLoader.loadClass(BuiltinClassLoader.java:641)
	at java.base/jdk.internal.loader.ClassLoaders$AppClassLoader.loadClass(ClassLoaders.java:188)
	at java.base/java.lang.ClassLoader.loadClass(ClassLoader.java:526)
	... 37 common frames omitted
2025-12-16 11:22:06.142 [Thread-5] [TID: N/A] WARN  c.a.nacos.common.notify.NotifyCenter - [NotifyCenter] Start destroying Publisher
2025-12-16 11:22:06.142 [Thread-2] [TID: N/A] WARN  c.a.n.c.http.HttpClientBeanHolder - [HttpClientBeanHolder] Start destroying common HttpClient
2025-12-16 11:22:06.142 [Thread-5] [TID: N/A] WARN  c.a.nacos.common.notify.NotifyCenter - [NotifyCenter] Destruction of the end
2025-12-16 11:26:37.653 [main] [TID: N/A] INFO  c.a.nacos.client.utils.ParamUtil - [settings] [req-serv] nacos-server port:8848
2025-12-16 11:26:37.656 [main] [TID: N/A] INFO  c.a.nacos.client.utils.ParamUtil - [settings] [http-client] connect timeout:1000
2025-12-16 11:26:37.657 [Thread-1] [TID: N/A] INFO  c.a.n.c.a.r.i.CredentialWatcher - null No credential found
2025-12-16 11:26:37.658 [main] [TID: N/A] INFO  c.a.nacos.client.utils.ParamUtil - PER_TASK_CONFIG_SIZE: 3000.0
2025-12-16 11:26:37.675 [main] [TID: N/A] INFO  com.alibaba.nacos.common.labels - DefaultLabelsCollectorManager get labels.....
2025-12-16 11:26:37.676 [main] [TID: N/A] INFO  com.alibaba.nacos.common.labels - Process LabelsCollector with [name:defaultNacosLabelsCollector]
2025-12-16 11:26:37.676 [main] [TID: N/A] INFO  com.alibaba.nacos.common.labels - default nacos collect properties raw labels: null
2025-12-16 11:26:37.676 [main] [TID: N/A] INFO  com.alibaba.nacos.common.labels - default nacos collect properties labels: {}
2025-12-16 11:26:37.676 [main] [TID: N/A] INFO  com.alibaba.nacos.common.labels - default nacos collect jvm raw labels: null
2025-12-16 11:26:37.676 [main] [TID: N/A] INFO  com.alibaba.nacos.common.labels - default nacos collect jvm labels: {}
2025-12-16 11:26:37.676 [main] [TID: N/A] INFO  com.alibaba.nacos.common.labels - default nacos collect env raw labels: null
2025-12-16 11:26:37.676 [main] [TID: N/A] INFO  com.alibaba.nacos.common.labels - default nacos collect env labels: {}
2025-12-16 11:26:37.677 [main] [TID: N/A] INFO  com.alibaba.nacos.common.labels - DefaultLabelsCollectorManager get labels finished,labels :{}
2025-12-16 11:26:37.682 [main] [TID: N/A] INFO  c.a.n.p.a.s.c.ClientAuthPluginManager - [ClientAuthPluginManager] Load ClientAuthService com.alibaba.nacos.client.auth.impl.NacosClientAuthServiceImpl success.
2025-12-16 11:26:37.682 [main] [TID: N/A] INFO  c.a.n.p.a.s.c.ClientAuthPluginManager - [ClientAuthPluginManager] Load ClientAuthService com.alibaba.nacos.client.auth.ram.RamClientAuthServiceImpl success.
2025-12-16 11:26:38.767 [main] [TID: N/A] INFO  c.a.n.c.c.i.LocalConfigInfoProcessor - LOCAL_SNAPSHOT_PATH:C:\Users\NeoSunJz\nacos\config
2025-12-16 11:26:38.769 [main] [TID: N/A] INFO  c.alibaba.nacos.common.remote.client - [RpcClientFactory] create a new rpc client of 7f0ed566-4fbb-4e08-a01f-58118878a193_config-0
2025-12-16 11:26:38.784 [main] [TID: N/A] INFO  c.alibaba.nacos.common.remote.client - [7f0ed566-4fbb-4e08-a01f-58118878a193_config-0] Register server push request handler:com.alibaba.nacos.client.config.impl.ClientWorker$ConfigRpcTransportClient$$Lambda/0x0000021001348220
2025-12-16 11:26:38.785 [main] [TID: N/A] INFO  c.alibaba.nacos.common.remote.client - [7f0ed566-4fbb-4e08-a01f-58118878a193_config-0] Register server push request handler:com.alibaba.nacos.client.config.impl.ClientWorker$ConfigRpcTransportClient$$Lambda/0x0000021001348630
2025-12-16 11:26:38.785 [main] [TID: N/A] INFO  c.alibaba.nacos.common.remote.client - [7f0ed566-4fbb-4e08-a01f-58118878a193_config-0] Registry connection listener to current client:com.alibaba.nacos.client.config.impl.ClientWorker$ConfigRpcTransportClient$1
2025-12-16 11:26:38.785 [main] [TID: N/A] INFO  c.alibaba.nacos.common.remote.client - [7f0ed566-4fbb-4e08-a01f-58118878a193_config-0] RpcClient init, ServerListFactory = com.alibaba.nacos.client.config.impl.ClientWorker$ConfigRpcTransportClient$2
2025-12-16 11:26:38.790 [main] [TID: N/A] INFO  c.alibaba.nacos.common.remote.client - [7f0ed566-4fbb-4e08-a01f-58118878a193_config-0] Try to connect to server on start up, server: {serverIp = 'wisepen-dev-server', server main port = 8848}
2025-12-16 11:26:38.814 [main] [TID: N/A] INFO  c.a.n.c.r.client.grpc.GrpcClient - grpc client connection server:wisepen-dev-server ip,serverPort:9848,grpcTslConfig:{"sslProvider":"","enableTls":false,"mutualAuthEnable":false,"trustAll":false}
2025-12-16 11:26:39.206 [main] [TID: N/A] INFO  c.a.n.c.a.AbstractAbilityControlManager - Ready to get current node abilities...
2025-12-16 11:26:39.207 [main] [TID: N/A] INFO  c.a.n.c.a.AbstractAbilityControlManager - Ready to initialize current node abilities, support modes: [SDK_CLIENT]
2025-12-16 11:26:39.208 [main] [TID: N/A] INFO  c.a.n.c.a.AbstractAbilityControlManager - Initialize current abilities finish...
2025-12-16 11:26:39.208 [main] [TID: N/A] INFO  c.a.n.c.a.d.NacosAbilityManagerHolder - [AbilityControlManager] Successfully initialize AbilityControlManager
2025-12-16 11:26:39.225 [main] [TID: N/A] INFO  c.alibaba.nacos.common.remote.client - [7f0ed566-4fbb-4e08-a01f-58118878a193_config-0] Success to connect to server [wisepen-dev-server:8848] on start up, connectionId = 1765855599228_10.177.21.88_52811
2025-12-16 11:26:39.225 [com.alibaba.nacos.client.remote.worker.0] [TID: N/A] INFO  c.alibaba.nacos.common.remote.client - [7f0ed566-4fbb-4e08-a01f-58118878a193_config-0] Notify connected event to listeners.
2025-12-16 11:26:39.226 [com.alibaba.nacos.client.remote.worker.0] [TID: N/A] INFO  c.a.n.c.config.impl.ClientWorker - [7f0ed566-4fbb-4e08-a01f-58118878a193_config-0] Connected,notify listen context...
2025-12-16 11:26:39.226 [main] [TID: N/A] INFO  c.alibaba.nacos.common.remote.client - [7f0ed566-4fbb-4e08-a01f-58118878a193_config-0] Register server push request handler:com.alibaba.nacos.common.remote.client.RpcClient$ConnectResetRequestHandler
2025-12-16 11:26:39.226 [main] [TID: N/A] INFO  c.alibaba.nacos.common.remote.client - [7f0ed566-4fbb-4e08-a01f-58118878a193_config-0] Register server push request handler:com.alibaba.nacos.common.remote.client.RpcClient$$Lambda/0x00000210014d2f30
2025-12-16 11:26:39.268 [main] [TID: N/A] INFO  c.a.nacos.client.config.impl.Limiter - limitTime:5.0
2025-12-16 11:26:39.286 [main] [TID: N/A] WARN  c.a.c.n.c.NacosPropertySourceBuilder - Ignore the empty nacos configuration and get it based on dataId[wisepen-system-service] & group[DEFAULT_GROUP]
2025-12-16 11:26:39.293 [main] [TID: N/A] WARN  c.a.c.n.c.NacosPropertySourceBuilder - Ignore the empty nacos configuration and get it based on dataId[wisepen-system-service.yaml] & group[DEFAULT_GROUP]
2025-12-16 11:26:39.300 [main] [TID: N/A] INFO  c.a.n.client.config.utils.JvmUtil - isMultiInstance:false
2025-12-16 11:26:39.306 [main] [TID: N/A] INFO  o.s.c.b.c.PropertySourceBootstrapConfiguration - Located property source: [BootstrapPropertySource {name='bootstrapProperties-wisepen-system-service-dev.yaml,DEFAULT_GROUP'}, BootstrapPropertySource {name='bootstrapProperties-wisepen-system-service.yaml,DEFAULT_GROUP'}, BootstrapPropertySource {name='bootstrapProperties-wisepen-system-service,DEFAULT_GROUP'}]
2025-12-16 11:26:39.311 [main] [TID: N/A] INFO  c.o.wisepen.system.SystemApplication - The following 1 profile is active: "dev"
2025-12-16 11:26:39.707 [main] [TID: N/A] INFO  o.s.d.r.c.RepositoryConfigurationDelegate - Multiple Spring Data modules found, entering strict repository configuration mode
2025-12-16 11:26:39.709 [main] [TID: N/A] INFO  o.s.d.r.c.RepositoryConfigurationDelegate - Bootstrapping Spring Data Redis repositories in DEFAULT mode.
2025-12-16 11:26:39.722 [main] [TID: N/A] INFO  o.s.d.r.c.RepositoryConfigurationDelegate - Finished Spring Data repository scanning in 4 ms. Found 0 Redis repository interfaces.
2025-12-16 11:26:39.867 [main] [TID: N/A] INFO  o.s.cloud.context.scope.GenericScope - BeanFactory id=0708e633-97a1-3612-b171-f410a6364b74
2025-12-16 11:26:40.113 [main] [TID: N/A] INFO  o.s.b.w.e.tomcat.TomcatWebServer - Tomcat initialized with port 9300 (http)
2025-12-16 11:26:40.120 [main] [TID: N/A] INFO  o.a.coyote.http11.Http11NioProtocol - Initializing ProtocolHandler ["http-nio-9300"]
2025-12-16 11:26:40.121 [main] [TID: N/A] INFO  o.a.catalina.core.StandardService - Starting service [Tomcat]
2025-12-16 11:26:40.122 [main] [TID: N/A] INFO  o.a.catalina.core.StandardEngine - Starting Servlet engine: [Apache Tomcat/10.1.19]
2025-12-16 11:26:40.174 [main] [TID: N/A] INFO  o.a.c.c.C.[Tomcat].[localhost].[/] - Initializing Spring embedded WebApplicationContext
2025-12-16 11:26:40.174 [main] [TID: N/A] INFO  o.s.b.w.s.c.ServletWebServerApplicationContext - Root WebApplicationContext: initialization completed in 852 ms
2025-12-16 11:26:41.741 [main] [TID: N/A] INFO  o.s.cloud.commons.util.InetUtils - Cannot determine local hostname
2025-12-16 11:26:43.704 [main] [TID: N/A] INFO  o.s.cloud.commons.util.InetUtils - Cannot determine local hostname
2025-12-16 11:26:43.744 [main] [TID: N/A] INFO  o.a.coyote.http11.Http11NioProtocol - Starting ProtocolHandler ["http-nio-9300"]
2025-12-16 11:26:43.752 [main] [TID: N/A] INFO  o.s.b.w.e.tomcat.TomcatWebServer - Tomcat started on port 9300 (http) with context path ''
2025-12-16 11:26:43.758 [main] [TID: N/A] INFO  com.alibaba.nacos.client.naming - initializer namespace from ans.namespace attribute : null
2025-12-16 11:26:43.758 [main] [TID: N/A] INFO  com.alibaba.nacos.client.naming - initializer namespace from ALIBABA_ALIWARE_NAMESPACE attribute :null
2025-12-16 11:26:43.758 [main] [TID: N/A] INFO  com.alibaba.nacos.client.naming - initializer namespace from namespace attribute :null
2025-12-16 11:26:43.763 [main] [TID: N/A] INFO  com.alibaba.nacos.client.naming - FailoverDataSource type is class com.alibaba.nacos.client.naming.backups.datasource.DiskFailoverDataSource
2025-12-16 11:26:43.769 [main] [TID: N/A] INFO  c.a.n.p.a.s.c.ClientAuthPluginManager - [ClientAuthPluginManager] Load ClientAuthService com.alibaba.nacos.client.auth.impl.NacosClientAuthServiceImpl success.
2025-12-16 11:26:43.769 [main] [TID: N/A] INFO  c.a.n.p.a.s.c.ClientAuthPluginManager - [ClientAuthPluginManager] Load ClientAuthService com.alibaba.nacos.client.auth.ram.RamClientAuthServiceImpl success.
2025-12-16 11:26:43.772 [main] [TID: N/A] INFO  c.alibaba.nacos.common.remote.client - [RpcClientFactory] create a new rpc client of 314e08b0-e169-4ad9-a630-f119c57a7990
2025-12-16 11:26:43.773 [main] [TID: N/A] INFO  com.alibaba.nacos.client.naming - Create naming rpc client for uuid->314e08b0-e169-4ad9-a630-f119c57a7990
2025-12-16 11:26:43.774 [main] [TID: N/A] INFO  c.alibaba.nacos.common.remote.client - [314e08b0-e169-4ad9-a630-f119c57a7990] RpcClient init, ServerListFactory = com.alibaba.nacos.client.naming.core.ServerListManager
2025-12-16 11:26:43.774 [main] [TID: N/A] INFO  c.alibaba.nacos.common.remote.client - [314e08b0-e169-4ad9-a630-f119c57a7990] Registry connection listener to current client:com.alibaba.nacos.client.naming.remote.gprc.redo.NamingGrpcRedoService
2025-12-16 11:26:43.774 [main] [TID: N/A] INFO  c.alibaba.nacos.common.remote.client - [314e08b0-e169-4ad9-a630-f119c57a7990] Register server push request handler:com.alibaba.nacos.client.naming.remote.gprc.NamingPushRequestHandler
2025-12-16 11:26:43.774 [main] [TID: N/A] INFO  c.alibaba.nacos.common.remote.client - [314e08b0-e169-4ad9-a630-f119c57a7990] Try to connect to server on start up, server: {serverIp = 'wisepen-dev-server', server main port = 8848}
2025-12-16 11:26:43.774 [main] [TID: N/A] INFO  c.a.n.c.r.client.grpc.GrpcClient - grpc client connection server:wisepen-dev-server ip,serverPort:9848,grpcTslConfig:{"sslProvider":"","enableTls":false,"mutualAuthEnable":false,"trustAll":false}
2025-12-16 11:26:43.808 [main] [TID: N/A] INFO  c.alibaba.nacos.common.remote.client - [314e08b0-e169-4ad9-a630-f119c57a7990] Success to connect to server [wisepen-dev-server:8848] on start up, connectionId = 1765855603869_10.177.21.88_55790
2025-12-16 11:26:43.808 [main] [TID: N/A] INFO  c.alibaba.nacos.common.remote.client - [314e08b0-e169-4ad9-a630-f119c57a7990] Register server push request handler:com.alibaba.nacos.common.remote.client.RpcClient$ConnectResetRequestHandler
2025-12-16 11:26:43.808 [main] [TID: N/A] INFO  c.alibaba.nacos.common.remote.client - [314e08b0-e169-4ad9-a630-f119c57a7990] Register server push request handler:com.alibaba.nacos.common.remote.client.RpcClient$$Lambda/0x00000210014d2f30
2025-12-16 11:26:43.808 [com.alibaba.nacos.client.remote.worker.0] [TID: N/A] INFO  c.alibaba.nacos.common.remote.client - [314e08b0-e169-4ad9-a630-f119c57a7990] Notify connected event to listeners.
2025-12-16 11:26:43.808 [com.alibaba.nacos.client.remote.worker.0] [TID: N/A] INFO  com.alibaba.nacos.client.naming - Grpc connection connect
2025-12-16 11:26:43.809 [main] [TID: N/A] INFO  com.alibaba.nacos.client.naming - [REGISTER-SERVICE] public registering service wisepen-system-service with instance Instance{instanceId='null', ip='192.168.179.1', port=9300, weight=1.0, healthy=true, enabled=true, ephemeral=true, clusterName='DEFAULT', serviceName='null', metadata={IPv6=[2001:da8:8001:7a20:943d:e251:5e3d:988d], preserved.register.source=SPRING_CLOUD}}
2025-12-16 11:26:43.819 [main] [TID: N/A] INFO  c.a.c.n.r.NacosServiceRegistry - nacos registry, DEFAULT_GROUP wisepen-system-service 192.168.179.1:9300 register finished
2025-12-16 11:26:44.836 [main] [TID: N/A] INFO  o.s.cloud.commons.util.InetUtils - Cannot determine local hostname
2025-12-16 11:26:44.841 [main] [TID: N/A] INFO  c.o.wisepen.system.SystemApplication - Started SystemApplication in 8.804 seconds (process running for 9.263)
2025-12-16 11:26:44.844 [main] [TID: N/A] INFO  c.a.n.client.config.impl.CacheData - config listener notify warn timeout millis use default 60000 millis 
2025-12-16 11:26:44.845 [main] [TID: N/A] INFO  c.a.n.client.config.impl.CacheData - nacos.cache.data.init.snapshot = true 
2025-12-16 11:26:44.845 [main] [TID: N/A] INFO  c.a.n.c.config.impl.ClientWorker - [fixed-wisepen-dev-server_8848] [subscribe] wisepen-system-service-dev.yaml+DEFAULT_GROUP
2025-12-16 11:26:44.851 [main] [TID: N/A] INFO  c.a.n.client.config.impl.CacheData - [fixed-wisepen-dev-server_8848] [add-listener] ok, tenant=, dataId=wisepen-system-service-dev.yaml, group=DEFAULT_GROUP, cnt=1
2025-12-16 11:26:44.851 [main] [TID: N/A] INFO  c.a.c.n.r.NacosContextRefresher - [Nacos Config] Listening config: dataId=wisepen-system-service-dev.yaml, group=DEFAULT_GROUP
2025-12-16 11:26:44.851 [main] [TID: N/A] INFO  c.a.n.c.config.impl.ClientWorker - [fixed-wisepen-dev-server_8848] [subscribe] wisepen-system-service.yaml+DEFAULT_GROUP
2025-12-16 11:26:44.851 [main] [TID: N/A] INFO  c.a.n.client.config.impl.CacheData - [fixed-wisepen-dev-server_8848] [add-listener] ok, tenant=, dataId=wisepen-system-service.yaml, group=DEFAULT_GROUP, cnt=1
2025-12-16 11:26:44.851 [main] [TID: N/A] INFO  c.a.c.n.r.NacosContextRefresher - [Nacos Config] Listening config: dataId=wisepen-system-service.yaml, group=DEFAULT_GROUP
2025-12-16 11:26:44.852 [main] [TID: N/A] INFO  c.a.n.c.config.impl.ClientWorker - [fixed-wisepen-dev-server_8848] [subscribe] wisepen-system-service+DEFAULT_GROUP
2025-12-16 11:26:44.852 [main] [TID: N/A] INFO  c.a.n.client.config.impl.CacheData - [fixed-wisepen-dev-server_8848] [add-listener] ok, tenant=, dataId=wisepen-system-service, group=DEFAULT_GROUP, cnt=1
2025-12-16 11:26:44.852 [main] [TID: N/A] INFO  c.a.c.n.r.NacosContextRefresher - [Nacos Config] Listening config: dataId=wisepen-system-service, group=DEFAULT_GROUP
2025-12-16 12:55:59.739 [main] [TID: N/A] INFO  c.a.nacos.client.utils.ParamUtil - [settings] [req-serv] nacos-server port:8848
2025-12-16 12:55:59.740 [main] [TID: N/A] INFO  c.a.nacos.client.utils.ParamUtil - [settings] [http-client] connect timeout:1000
2025-12-16 12:55:59.741 [Thread-1] [TID: N/A] INFO  c.a.n.c.a.r.i.CredentialWatcher - null No credential found
2025-12-16 12:55:59.741 [main] [TID: N/A] INFO  c.a.nacos.client.utils.ParamUtil - PER_TASK_CONFIG_SIZE: 3000.0
2025-12-16 12:55:59.760 [main] [TID: N/A] INFO  com.alibaba.nacos.common.labels - DefaultLabelsCollectorManager get labels.....
2025-12-16 12:55:59.760 [main] [TID: N/A] INFO  com.alibaba.nacos.common.labels - Process LabelsCollector with [name:defaultNacosLabelsCollector]
2025-12-16 12:55:59.760 [main] [TID: N/A] INFO  com.alibaba.nacos.common.labels - default nacos collect properties raw labels: null
2025-12-16 12:55:59.760 [main] [TID: N/A] INFO  com.alibaba.nacos.common.labels - default nacos collect properties labels: {}
2025-12-16 12:55:59.761 [main] [TID: N/A] INFO  com.alibaba.nacos.common.labels - default nacos collect jvm raw labels: null
2025-12-16 12:55:59.761 [main] [TID: N/A] INFO  com.alibaba.nacos.common.labels - default nacos collect jvm labels: {}
2025-12-16 12:55:59.761 [main] [TID: N/A] INFO  com.alibaba.nacos.common.labels - default nacos collect env raw labels: null
2025-12-16 12:55:59.761 [main] [TID: N/A] INFO  com.alibaba.nacos.common.labels - default nacos collect env labels: {}
2025-12-16 12:55:59.761 [main] [TID: N/A] INFO  com.alibaba.nacos.common.labels - DefaultLabelsCollectorManager get labels finished,labels :{}
2025-12-16 12:55:59.766 [main] [TID: N/A] INFO  c.a.n.p.a.s.c.ClientAuthPluginManager - [ClientAuthPluginManager] Load ClientAuthService com.alibaba.nacos.client.auth.impl.NacosClientAuthServiceImpl success.
2025-12-16 12:55:59.767 [main] [TID: N/A] INFO  c.a.n.p.a.s.c.ClientAuthPluginManager - [ClientAuthPluginManager] Load ClientAuthService com.alibaba.nacos.client.auth.ram.RamClientAuthServiceImpl success.
2025-12-16 12:56:00.842 [main] [TID: N/A] INFO  c.a.n.c.c.i.LocalConfigInfoProcessor - LOCAL_SNAPSHOT_PATH:C:\Users\NeoSunJz\nacos\config
2025-12-16 12:56:00.844 [main] [TID: N/A] INFO  c.alibaba.nacos.common.remote.client - [RpcClientFactory] create a new rpc client of 3ed9d535-2c00-4890-a924-57c4ec8665b6_config-0
2025-12-16 12:56:00.857 [main] [TID: N/A] INFO  c.alibaba.nacos.common.remote.client - [3ed9d535-2c00-4890-a924-57c4ec8665b6_config-0] Register server push request handler:com.alibaba.nacos.client.config.impl.ClientWorker$ConfigRpcTransportClient$$Lambda/0x0000015790341678
2025-12-16 12:56:00.858 [main] [TID: N/A] INFO  c.alibaba.nacos.common.remote.client - [3ed9d535-2c00-4890-a924-57c4ec8665b6_config-0] Register server push request handler:com.alibaba.nacos.client.config.impl.ClientWorker$ConfigRpcTransportClient$$Lambda/0x0000015790341a88
2025-12-16 12:56:00.858 [main] [TID: N/A] INFO  c.alibaba.nacos.common.remote.client - [3ed9d535-2c00-4890-a924-57c4ec8665b6_config-0] Registry connection listener to current client:com.alibaba.nacos.client.config.impl.ClientWorker$ConfigRpcTransportClient$1
2025-12-16 12:56:00.858 [main] [TID: N/A] INFO  c.alibaba.nacos.common.remote.client - [3ed9d535-2c00-4890-a924-57c4ec8665b6_config-0] RpcClient init, ServerListFactory = com.alibaba.nacos.client.config.impl.ClientWorker$ConfigRpcTransportClient$2
2025-12-16 12:56:00.862 [main] [TID: N/A] INFO  c.alibaba.nacos.common.remote.client - [3ed9d535-2c00-4890-a924-57c4ec8665b6_config-0] Try to connect to server on start up, server: {serverIp = 'wisepen-dev-server', server main port = 8848}
2025-12-16 12:56:00.886 [main] [TID: N/A] INFO  c.a.n.c.r.client.grpc.GrpcClient - grpc client connection server:wisepen-dev-server ip,serverPort:9848,grpcTslConfig:{"sslProvider":"","enableTls":false,"mutualAuthEnable":false,"trustAll":false}
2025-12-16 12:56:01.352 [main] [TID: N/A] INFO  c.a.n.c.a.AbstractAbilityControlManager - Ready to get current node abilities...
2025-12-16 12:56:01.353 [main] [TID: N/A] INFO  c.a.n.c.a.AbstractAbilityControlManager - Ready to initialize current node abilities, support modes: [SDK_CLIENT]
2025-12-16 12:56:01.354 [main] [TID: N/A] INFO  c.a.n.c.a.AbstractAbilityControlManager - Initialize current abilities finish...
2025-12-16 12:56:01.354 [main] [TID: N/A] INFO  c.a.n.c.a.d.NacosAbilityManagerHolder - [AbilityControlManager] Successfully initialize AbilityControlManager
2025-12-16 12:56:01.369 [main] [TID: N/A] INFO  c.alibaba.nacos.common.remote.client - [3ed9d535-2c00-4890-a924-57c4ec8665b6_config-0] Success to connect to server [wisepen-dev-server:8848] on start up, connectionId = 1765860961502_10.177.21.88_63827
2025-12-16 12:56:01.369 [com.alibaba.nacos.client.remote.worker.0] [TID: N/A] INFO  c.alibaba.nacos.common.remote.client - [3ed9d535-2c00-4890-a924-57c4ec8665b6_config-0] Notify connected event to listeners.
2025-12-16 12:56:01.369 [com.alibaba.nacos.client.remote.worker.0] [TID: N/A] INFO  c.a.n.c.config.impl.ClientWorker - [3ed9d535-2c00-4890-a924-57c4ec8665b6_config-0] Connected,notify listen context...
2025-12-16 12:56:01.369 [main] [TID: N/A] INFO  c.alibaba.nacos.common.remote.client - [3ed9d535-2c00-4890-a924-57c4ec8665b6_config-0] Register server push request handler:com.alibaba.nacos.common.remote.client.RpcClient$ConnectResetRequestHandler
2025-12-16 12:56:01.369 [main] [TID: N/A] INFO  c.alibaba.nacos.common.remote.client - [3ed9d535-2c00-4890-a924-57c4ec8665b6_config-0] Register server push request handler:com.alibaba.nacos.common.remote.client.RpcClient$$Lambda/0x00000157904ae220
2025-12-16 12:56:01.400 [main] [TID: N/A] INFO  c.a.nacos.client.config.impl.Limiter - limitTime:5.0
2025-12-16 12:56:01.413 [main] [TID: N/A] WARN  c.a.c.n.c.NacosPropertySourceBuilder - Ignore the empty nacos configuration and get it based on dataId[wisepen-system-service] & group[DEFAULT_GROUP]
2025-12-16 12:56:01.417 [main] [TID: N/A] WARN  c.a.c.n.c.NacosPropertySourceBuilder - Ignore the empty nacos configuration and get it based on dataId[wisepen-system-service.yaml] & group[DEFAULT_GROUP]
2025-12-16 12:56:01.423 [main] [TID: N/A] INFO  c.a.n.client.config.utils.JvmUtil - isMultiInstance:false
2025-12-16 12:56:01.426 [main] [TID: N/A] INFO  o.s.c.b.c.PropertySourceBootstrapConfiguration - Located property source: [BootstrapPropertySource {name='bootstrapProperties-wisepen-system-service-dev.yaml,DEFAULT_GROUP'}, BootstrapPropertySource {name='bootstrapProperties-wisepen-system-service.yaml,DEFAULT_GROUP'}, BootstrapPropertySource {name='bootstrapProperties-wisepen-system-service,DEFAULT_GROUP'}]
2025-12-16 12:56:01.429 [main] [TID: N/A] INFO  c.o.wisepen.system.SystemApplication - The following 1 profile is active: "dev"
2025-12-16 12:56:01.826 [main] [TID: N/A] INFO  o.s.d.r.c.RepositoryConfigurationDelegate - Multiple Spring Data modules found, entering strict repository configuration mode
2025-12-16 12:56:01.828 [main] [TID: N/A] INFO  o.s.d.r.c.RepositoryConfigurationDelegate - Bootstrapping Spring Data Redis repositories in DEFAULT mode.
2025-12-16 12:56:01.842 [main] [TID: N/A] INFO  o.s.d.r.c.RepositoryConfigurationDelegate - Finished Spring Data repository scanning in 4 ms. Found 0 Redis repository interfaces.
2025-12-16 12:56:01.999 [main] [TID: N/A] INFO  o.s.cloud.context.scope.GenericScope - BeanFactory id=ff133453-0b83-3035-95a4-4508a36cb5e9
2025-12-16 12:56:02.109 [main] [TID: N/A] WARN  o.s.c.s.PostProcessorRegistrationDelegate$BeanPostProcessorChecker - Bean 'org.springframework.cloud.client.loadbalancer.LoadBalancerAutoConfiguration$DeferringLoadBalancerInterceptorConfig' of type [org.springframework.cloud.client.loadbalancer.LoadBalancerAutoConfiguration$DeferringLoadBalancerInterceptorConfig] is not eligible for getting processed by all BeanPostProcessors (for example: not eligible for auto-proxying). The currently created BeanPostProcessor [lbRestClientPostProcessor] is declared through a non-static factory method on that class; consider declaring it as static instead.
2025-12-16 12:56:02.111 [main] [TID: N/A] WARN  o.s.c.s.PostProcessorRegistrationDelegate$BeanPostProcessorChecker - Bean 'deferringLoadBalancerInterceptor' of type [org.springframework.cloud.client.loadbalancer.DeferringLoadBalancerInterceptor] is not eligible for getting processed by all BeanPostProcessors (for example: not eligible for auto-proxying). Is this bean getting eagerly injected into a currently created BeanPostProcessor [lbRestClientPostProcessor]? Check the corresponding BeanPostProcessor declaration and its dependencies.
2025-12-16 12:56:02.248 [main] [TID: N/A] INFO  o.s.b.w.e.tomcat.TomcatWebServer - Tomcat initialized with port 9300 (http)
2025-12-16 12:56:02.255 [main] [TID: N/A] INFO  o.a.coyote.http11.Http11NioProtocol - Initializing ProtocolHandler ["http-nio-9300"]
2025-12-16 12:56:02.257 [main] [TID: N/A] INFO  o.a.catalina.core.StandardService - Starting service [Tomcat]
2025-12-16 12:56:02.257 [main] [TID: N/A] INFO  o.a.catalina.core.StandardEngine - Starting Servlet engine: [Apache Tomcat/10.1.19]
2025-12-16 12:56:02.299 [main] [TID: N/A] INFO  o.a.c.c.C.[Tomcat].[localhost].[/] - Initializing Spring embedded WebApplicationContext
2025-12-16 12:56:02.301 [main] [TID: N/A] INFO  o.s.b.w.s.c.ServletWebServerApplicationContext - Root WebApplicationContext: initialization completed in 864 ms
2025-12-16 12:56:03.882 [main] [TID: N/A] INFO  o.s.cloud.commons.util.InetUtils - Cannot determine local hostname
2025-12-16 12:56:05.876 [main] [TID: N/A] INFO  o.s.cloud.commons.util.InetUtils - Cannot determine local hostname
2025-12-16 12:56:05.894 [main] [TID: N/A] WARN  o.s.c.l.c.LoadBalancerCacheAutoConfiguration$LoadBalancerCaffeineWarnLogger - Spring Cloud LoadBalancer is currently working with the default cache. While this cache implementation is useful for development and tests, it's recommended to use Caffeine cache in production.You can switch to using Caffeine cache, by adding it and org.springframework.cache.caffeine.CaffeineCacheManager to the classpath.
2025-12-16 12:56:05.929 [main] [TID: N/A] INFO  o.a.coyote.http11.Http11NioProtocol - Starting ProtocolHandler ["http-nio-9300"]
2025-12-16 12:56:05.938 [main] [TID: N/A] INFO  o.s.b.w.e.tomcat.TomcatWebServer - Tomcat started on port 9300 (http) with context path ''
2025-12-16 12:56:05.941 [main] [TID: N/A] INFO  com.alibaba.nacos.client.naming - initializer namespace from ans.namespace attribute : null
2025-12-16 12:56:05.942 [main] [TID: N/A] INFO  com.alibaba.nacos.client.naming - initializer namespace from ALIBABA_ALIWARE_NAMESPACE attribute :null
2025-12-16 12:56:05.942 [main] [TID: N/A] INFO  com.alibaba.nacos.client.naming - initializer namespace from namespace attribute :null
2025-12-16 12:56:05.945 [main] [TID: N/A] INFO  com.alibaba.nacos.client.naming - FailoverDataSource type is class com.alibaba.nacos.client.naming.backups.datasource.DiskFailoverDataSource
2025-12-16 12:56:05.948 [main] [TID: N/A] INFO  c.a.n.p.a.s.c.ClientAuthPluginManager - [ClientAuthPluginManager] Load ClientAuthService com.alibaba.nacos.client.auth.impl.NacosClientAuthServiceImpl success.
2025-12-16 12:56:05.948 [main] [TID: N/A] INFO  c.a.n.p.a.s.c.ClientAuthPluginManager - [ClientAuthPluginManager] Load ClientAuthService com.alibaba.nacos.client.auth.ram.RamClientAuthServiceImpl success.
2025-12-16 12:56:05.951 [main] [TID: N/A] INFO  c.alibaba.nacos.common.remote.client - [RpcClientFactory] create a new rpc client of c0d06e92-36c0-48cc-99de-9eedfcd7dd60
2025-12-16 12:56:05.953 [main] [TID: N/A] INFO  com.alibaba.nacos.client.naming - Create naming rpc client for uuid->c0d06e92-36c0-48cc-99de-9eedfcd7dd60
2025-12-16 12:56:05.953 [main] [TID: N/A] INFO  c.alibaba.nacos.common.remote.client - [c0d06e92-36c0-48cc-99de-9eedfcd7dd60] RpcClient init, ServerListFactory = com.alibaba.nacos.client.naming.core.ServerListManager
2025-12-16 12:56:05.953 [main] [TID: N/A] INFO  c.alibaba.nacos.common.remote.client - [c0d06e92-36c0-48cc-99de-9eedfcd7dd60] Registry connection listener to current client:com.alibaba.nacos.client.naming.remote.gprc.redo.NamingGrpcRedoService
2025-12-16 12:56:05.953 [main] [TID: N/A] INFO  c.alibaba.nacos.common.remote.client - [c0d06e92-36c0-48cc-99de-9eedfcd7dd60] Register server push request handler:com.alibaba.nacos.client.naming.remote.gprc.NamingPushRequestHandler
2025-12-16 12:56:05.954 [main] [TID: N/A] INFO  c.alibaba.nacos.common.remote.client - [c0d06e92-36c0-48cc-99de-9eedfcd7dd60] Try to connect to server on start up, server: {serverIp = 'wisepen-dev-server', server main port = 8848}
2025-12-16 12:56:05.954 [main] [TID: N/A] INFO  c.a.n.c.r.client.grpc.GrpcClient - grpc client connection server:wisepen-dev-server ip,serverPort:9848,grpcTslConfig:{"sslProvider":"","enableTls":false,"mutualAuthEnable":false,"trustAll":false}
2025-12-16 12:56:05.972 [main] [TID: N/A] INFO  c.alibaba.nacos.common.remote.client - [c0d06e92-36c0-48cc-99de-9eedfcd7dd60] Success to connect to server [wisepen-dev-server:8848] on start up, connectionId = 1765860966173_10.177.21.88_64465
2025-12-16 12:56:05.972 [main] [TID: N/A] INFO  c.alibaba.nacos.common.remote.client - [c0d06e92-36c0-48cc-99de-9eedfcd7dd60] Register server push request handler:com.alibaba.nacos.common.remote.client.RpcClient$ConnectResetRequestHandler
2025-12-16 12:56:05.972 [main] [TID: N/A] INFO  c.alibaba.nacos.common.remote.client - [c0d06e92-36c0-48cc-99de-9eedfcd7dd60] Register server push request handler:com.alibaba.nacos.common.remote.client.RpcClient$$Lambda/0x00000157904ae220
2025-12-16 12:56:05.972 [com.alibaba.nacos.client.remote.worker.0] [TID: N/A] INFO  c.alibaba.nacos.common.remote.client - [c0d06e92-36c0-48cc-99de-9eedfcd7dd60] Notify connected event to listeners.
2025-12-16 12:56:05.972 [com.alibaba.nacos.client.remote.worker.0] [TID: N/A] INFO  com.alibaba.nacos.client.naming - Grpc connection connect
2025-12-16 12:56:05.973 [main] [TID: N/A] INFO  com.alibaba.nacos.client.naming - [REGISTER-SERVICE] public registering service wisepen-system-service with instance Instance{instanceId='null', ip='192.168.179.1', port=9300, weight=1.0, healthy=true, enabled=true, ephemeral=true, clusterName='DEFAULT', serviceName='null', metadata={IPv6=[2001:da8:8001:7a20:943d:e251:5e3d:988d], preserved.register.source=SPRING_CLOUD}}
2025-12-16 12:56:05.981 [main] [TID: N/A] INFO  c.a.c.n.r.NacosServiceRegistry - nacos registry, DEFAULT_GROUP wisepen-system-service 192.168.179.1:9300 register finished
2025-12-16 12:56:06.995 [main] [TID: N/A] INFO  o.s.cloud.commons.util.InetUtils - Cannot determine local hostname
2025-12-16 12:56:07.000 [main] [TID: N/A] INFO  c.o.wisepen.system.SystemApplication - Started SystemApplication in 8.912 seconds (process running for 9.476)
2025-12-16 12:56:07.003 [main] [TID: N/A] INFO  c.a.n.client.config.impl.CacheData - config listener notify warn timeout millis use default 60000 millis 
2025-12-16 12:56:07.004 [main] [TID: N/A] INFO  c.a.n.client.config.impl.CacheData - nacos.cache.data.init.snapshot = true 
2025-12-16 12:56:07.004 [main] [TID: N/A] INFO  c.a.n.c.config.impl.ClientWorker - [fixed-wisepen-dev-server_8848] [subscribe] wisepen-system-service-dev.yaml+DEFAULT_GROUP
2025-12-16 12:56:07.009 [main] [TID: N/A] INFO  c.a.n.client.config.impl.CacheData - [fixed-wisepen-dev-server_8848] [add-listener] ok, tenant=, dataId=wisepen-system-service-dev.yaml, group=DEFAULT_GROUP, cnt=1
2025-12-16 12:56:07.009 [main] [TID: N/A] INFO  c.a.c.n.r.NacosContextRefresher - [Nacos Config] Listening config: dataId=wisepen-system-service-dev.yaml, group=DEFAULT_GROUP
2025-12-16 12:56:07.009 [main] [TID: N/A] INFO  c.a.n.c.config.impl.ClientWorker - [fixed-wisepen-dev-server_8848] [subscribe] wisepen-system-service.yaml+DEFAULT_GROUP
2025-12-16 12:56:07.009 [main] [TID: N/A] INFO  c.a.n.client.config.impl.CacheData - [fixed-wisepen-dev-server_8848] [add-listener] ok, tenant=, dataId=wisepen-system-service.yaml, group=DEFAULT_GROUP, cnt=1
2025-12-16 12:56:07.009 [main] [TID: N/A] INFO  c.a.c.n.r.NacosContextRefresher - [Nacos Config] Listening config: dataId=wisepen-system-service.yaml, group=DEFAULT_GROUP
2025-12-16 12:56:07.009 [main] [TID: N/A] INFO  c.a.n.c.config.impl.ClientWorker - [fixed-wisepen-dev-server_8848] [subscribe] wisepen-system-service+DEFAULT_GROUP
2025-12-16 12:56:07.009 [main] [TID: N/A] INFO  c.a.n.client.config.impl.CacheData - [fixed-wisepen-dev-server_8848] [add-listener] ok, tenant=, dataId=wisepen-system-service, group=DEFAULT_GROUP, cnt=1
2025-12-16 12:56:07.009 [main] [TID: N/A] INFO  c.a.c.n.r.NacosContextRefresher - [Nacos Config] Listening config: dataId=wisepen-system-service, group=DEFAULT_GROUP
2025-12-16 12:56:27.954 [http-nio-9300-exec-1] [TID: N/A] INFO  o.a.c.c.C.[Tomcat].[localhost].[/] - Initializing Spring DispatcherServlet 'dispatcherServlet'
2025-12-16 12:56:27.955 [http-nio-9300-exec-1] [TID: N/A] INFO  o.s.web.servlet.DispatcherServlet - Initializing Servlet 'dispatcherServlet'
2025-12-16 12:56:27.956 [http-nio-9300-exec-1] [TID: N/A] INFO  o.s.web.servlet.DispatcherServlet - Completed initialization in 1 ms
2025-12-16 12:56:28.028 [http-nio-9300-exec-1] [TID: N/A] INFO  com.zaxxer.hikari.HikariDataSource - HikariPool-1 - Starting...
2025-12-16 12:56:28.156 [http-nio-9300-exec-1] [TID: N/A] INFO  com.zaxxer.hikari.pool.HikariPool - HikariPool-1 - Added connection com.mysql.cj.jdbc.ConnectionImpl@458a0f98
2025-12-16 12:56:28.158 [http-nio-9300-exec-1] [TID: N/A] INFO  com.zaxxer.hikari.HikariDataSource - HikariPool-1 - Start completed.
2025-12-16 13:19:30.023 [http-nio-9300-exec-3] [TID: N/A] WARN  com.zaxxer.hikari.pool.PoolBase - HikariPool-1 - Failed to validate connection com.mysql.cj.jdbc.ConnectionImpl@458a0f98 (No operations allowed after connection closed.). Possibly consider using a shorter maxLifetime value.
2025-12-16 13:19:35.035 [http-nio-9300-exec-3] [TID: N/A] WARN  com.zaxxer.hikari.pool.PoolBase - HikariPool-1 - Failed to validate connection com.mysql.cj.jdbc.ConnectionImpl@67a1b057 (No operations allowed after connection closed.). Possibly consider using a shorter maxLifetime value.
2025-12-16 13:19:40.048 [http-nio-9300-exec-3] [TID: N/A] WARN  com.zaxxer.hikari.pool.PoolBase - HikariPool-1 - Failed to validate connection com.mysql.cj.jdbc.ConnectionImpl@693b7e0 (No operations allowed after connection closed.). Possibly consider using a shorter maxLifetime value.
2025-12-16 13:19:45.052 [http-nio-9300-exec-3] [TID: N/A] WARN  com.zaxxer.hikari.pool.PoolBase - HikariPool-1 - Failed to validate connection com.mysql.cj.jdbc.ConnectionImpl@469b37e8 (No operations allowed after connection closed.). Possibly consider using a shorter maxLifetime value.
2025-12-16 13:19:50.054 [http-nio-9300-exec-3] [TID: N/A] WARN  com.zaxxer.hikari.pool.PoolBase - HikariPool-1 - Failed to validate connection com.mysql.cj.jdbc.ConnectionImpl@7cb28ce6 (No operations allowed after connection closed.). Possibly consider using a shorter maxLifetime value.
2025-12-16 13:19:55.067 [http-nio-9300-exec-3] [TID: N/A] WARN  com.zaxxer.hikari.pool.PoolBase - HikariPool-1 - Failed to validate connection com.mysql.cj.jdbc.ConnectionImpl@5faea231 (No operations allowed after connection closed.). Possibly consider using a shorter maxLifetime value.
2025-12-16 13:19:55.070 [http-nio-9300-exec-3] [TID: N/A] ERROR c.o.w.c.c.h.GlobalExceptionHandler - 系统未知错误
org.springframework.transaction.CannotCreateTransactionException: Could not open JDBC Connection for transaction
	at org.springframework.jdbc.datasource.DataSourceTransactionManager.doBegin(DataSourceTransactionManager.java:313)
	at org.springframework.transaction.support.AbstractPlatformTransactionManager.startTransaction(AbstractPlatformTransactionManager.java:531)
	at org.springframework.transaction.support.AbstractPlatformTransactionManager.getTransaction(AbstractPlatformTransactionManager.java:405)
	at org.springframework.transaction.interceptor.TransactionAspectSupport.createTransactionIfNecessary(TransactionAspectSupport.java:617)
	at org.springframework.transaction.interceptor.TransactionAspectSupport.invokeWithinTransaction(TransactionAspectSupport.java:386)
	at org.springframework.transaction.interceptor.TransactionInterceptor.invoke(TransactionInterceptor.java:119)
	at org.springframework.aop.framework.ReflectiveMethodInvocation.proceed(ReflectiveMethodInvocation.java:184)
	at org.springframework.aop.framework.CglibAopProxy$CglibMethodInvocation.proceed(CglibAopProxy.java:765)
	at org.springframework.aop.framework.CglibAopProxy$DynamicAdvisedInterceptor.intercept(CglibAopProxy.java:717)
	at com.oriole.wisepen.system.service.impl.SysOperLogServiceImpl$$SpringCGLIB$$0.saveLog(<generated>)
	at com.oriole.wisepen.system.controller.RemoteLogController.save(RemoteLogController.java:26)
	at java.base/jdk.internal.reflect.DirectMethodHandleAccessor.invoke(DirectMethodHandleAccessor.java:103)
	at java.base/java.lang.reflect.Method.invoke(Method.java:580)
	at org.springframework.web.method.support.InvocableHandlerMethod.doInvoke(InvocableHandlerMethod.java:255)
	at org.springframework.web.method.support.InvocableHandlerMethod.invokeForRequest(InvocableHandlerMethod.java:188)
	at org.springframework.web.servlet.mvc.method.annotation.ServletInvocableHandlerMethod.invokeAndHandle(ServletInvocableHandlerMethod.java:118)
	at org.springframework.web.servlet.mvc.method.annotation.RequestMappingHandlerAdapter.invokeHandlerMethod(RequestMappingHandlerAdapter.java:925)
	at org.springframework.web.servlet.mvc.method.annotation.RequestMappingHandlerAdapter.handleInternal(RequestMappingHandlerAdapter.java:830)
	at org.springframework.web.servlet.mvc.method.AbstractHandlerMethodAdapter.handle(AbstractHandlerMethodAdapter.java:87)
	at org.springframework.web.servlet.DispatcherServlet.doDispatch(DispatcherServlet.java:1089)
	at org.springframework.web.servlet.DispatcherServlet.doService(DispatcherServlet.java:979)
	at org.springframework.web.servlet.FrameworkServlet.processRequest(FrameworkServlet.java:1014)
	at org.springframework.web.servlet.FrameworkServlet.doPost(FrameworkServlet.java:914)
	at jakarta.servlet.http.HttpServlet.service(HttpServlet.java:590)
	at org.springframework.web.servlet.FrameworkServlet.service(FrameworkServlet.java:885)
	at jakarta.servlet.http.HttpServlet.service(HttpServlet.java:658)
	at org.apache.catalina.core.ApplicationFilterChain.internalDoFilter(ApplicationFilterChain.java:205)
	at org.apache.catalina.core.ApplicationFilterChain.doFilter(ApplicationFilterChain.java:149)
	at org.apache.tomcat.websocket.server.WsFilter.doFilter(WsFilter.java:51)
	at org.apache.catalina.core.ApplicationFilterChain.internalDoFilter(ApplicationFilterChain.java:174)
	at org.apache.catalina.core.ApplicationFilterChain.doFilter(ApplicationFilterChain.java:149)
	at org.springframework.web.filter.RequestContextFilter.doFilterInternal(RequestContextFilter.java:100)
	at org.springframework.web.filter.OncePerRequestFilter.doFilter(OncePerRequestFilter.java:116)
	at org.apache.catalina.core.ApplicationFilterChain.internalDoFilter(ApplicationFilterChain.java:174)
	at org.apache.catalina.core.ApplicationFilterChain.doFilter(ApplicationFilterChain.java:149)
	at cn.dev33.satoken.filter.SaPathCheckFilterForJakartaServlet.doFilter(SaPathCheckFilterForJakartaServlet.java:55)
	at org.apache.catalina.core.ApplicationFilterChain.internalDoFilter(ApplicationFilterChain.java:174)
	at org.apache.catalina.core.ApplicationFilterChain.doFilter(ApplicationFilterChain.java:149)
	at org.springframework.web.filter.FormContentFilter.doFilterInternal(FormContentFilter.java:93)
	at org.springframework.web.filter.OncePerRequestFilter.doFilter(OncePerRequestFilter.java:116)
	at org.apache.catalina.core.ApplicationFilterChain.internalDoFilter(ApplicationFilterChain.java:174)
	at org.apache.catalina.core.ApplicationFilterChain.doFilter(ApplicationFilterChain.java:149)
	at org.springframework.web.filter.CharacterEncodingFilter.doFilterInternal(CharacterEncodingFilter.java:201)
	at org.springframework.web.filter.OncePerRequestFilter.doFilter(OncePerRequestFilter.java:116)
	at org.apache.catalina.core.ApplicationFilterChain.internalDoFilter(ApplicationFilterChain.java:174)
	at org.apache.catalina.core.ApplicationFilterChain.doFilter(ApplicationFilterChain.java:149)
	at org.apache.catalina.core.StandardWrapperValve.invoke(StandardWrapperValve.java:167)
	at org.apache.catalina.core.StandardContextValve.invoke(StandardContextValve.java:90)
	at org.apache.catalina.authenticator.AuthenticatorBase.invoke(AuthenticatorBase.java:482)
	at org.apache.catalina.core.StandardHostValve.invoke(StandardHostValve.java:115)
	at org.apache.catalina.valves.ErrorReportValve.invoke(ErrorReportValve.java:93)
	at org.apache.catalina.core.StandardEngineValve.invoke(StandardEngineValve.java:74)
	at org.apache.catalina.connector.CoyoteAdapter.service(CoyoteAdapter.java:344)
	at org.apache.coyote.http11.Http11Processor.service(Http11Processor.java:391)
	at org.apache.coyote.AbstractProcessorLight.process(AbstractProcessorLight.java:63)
	at org.apache.coyote.AbstractProtocol$ConnectionHandler.process(AbstractProtocol.java:896)
	at org.apache.tomcat.util.net.NioEndpoint$SocketProcessor.doRun(NioEndpoint.java:1744)
	at org.apache.tomcat.util.net.SocketProcessorBase.run(SocketProcessorBase.java:52)
	at org.apache.tomcat.util.threads.ThreadPoolExecutor.runWorker(ThreadPoolExecutor.java:1191)
	at org.apache.tomcat.util.threads.ThreadPoolExecutor$Worker.run(ThreadPoolExecutor.java:659)
	at org.apache.tomcat.util.threads.TaskThread$WrappingRunnable.run(TaskThread.java:63)
	at java.base/java.lang.Thread.run(Thread.java:1583)
Caused by: java.sql.SQLTransientConnectionException: HikariPool-1 - Connection is not available, request timed out after 30055ms.
	at com.zaxxer.hikari.pool.HikariPool.createTimeoutException(HikariPool.java:696)
	at com.zaxxer.hikari.pool.HikariPool.getConnection(HikariPool.java:181)
	at com.zaxxer.hikari.pool.HikariPool.getConnection(HikariPool.java:146)
	at com.zaxxer.hikari.HikariDataSource.getConnection(HikariDataSource.java:128)
	at org.springframework.jdbc.datasource.DataSourceTransactionManager.doBegin(DataSourceTransactionManager.java:269)
	... 61 common frames omitted
Caused by: java.sql.SQLNonTransientConnectionException: No operations allowed after connection closed.
	at com.mysql.cj.jdbc.exceptions.SQLError.createSQLException(SQLError.java:111)
	at com.mysql.cj.jdbc.exceptions.SQLError.createSQLException(SQLError.java:98)
	at com.mysql.cj.jdbc.exceptions.SQLError.createSQLException(SQLError.java:90)
	at com.mysql.cj.jdbc.exceptions.SQLError.createSQLException(SQLError.java:64)
	at com.mysql.cj.jdbc.exceptions.SQLError.createSQLException(SQLError.java:74)
	at com.mysql.cj.jdbc.exceptions.SQLExceptionsMapping.translateException(SQLExceptionsMapping.java:73)
	at com.mysql.cj.jdbc.ConnectionImpl.setNetworkTimeout(ConnectionImpl.java:2457)
	at com.zaxxer.hikari.pool.PoolBase.setNetworkTimeout(PoolBase.java:561)
	at com.zaxxer.hikari.pool.PoolBase.isConnectionDead(PoolBase.java:168)
	at com.zaxxer.hikari.pool.HikariPool.getConnection(HikariPool.java:170)
	... 64 common frames omitted
Caused by: com.mysql.cj.exceptions.ConnectionIsClosedException: No operations allowed after connection closed.
	at java.base/jdk.internal.reflect.DirectConstructorHandleAccessor.newInstance(DirectConstructorHandleAccessor.java:62)
	at java.base/java.lang.reflect.Constructor.newInstanceWithCaller(Constructor.java:502)
	at java.base/java.lang.reflect.Constructor.newInstance(Constructor.java:486)
	at com.mysql.cj.exceptions.ExceptionFactory.createException(ExceptionFactory.java:62)
	at com.mysql.cj.exceptions.ExceptionFactory.createException(ExceptionFactory.java:105)
	at com.mysql.cj.exceptions.ExceptionFactory.createException(ExceptionFactory.java:150)
	at com.mysql.cj.NativeSession.checkClosed(NativeSession.java:753)
	at com.mysql.cj.jdbc.ConnectionImpl.checkClosed(ConnectionImpl.java:565)
	at com.mysql.cj.jdbc.ConnectionImpl.setNetworkTimeout(ConnectionImpl.java:2453)
	... 67 common frames omitted
2025-12-16 13:22:07.985 [http-nio-9300-exec-5] [TID: N/A] WARN  com.zaxxer.hikari.pool.PoolBase - HikariPool-1 - Failed to validate connection com.mysql.cj.jdbc.ConnectionImpl@895d77 (No operations allowed after connection closed.). Possibly consider using a shorter maxLifetime value.
2025-12-16 13:22:12.998 [http-nio-9300-exec-5] [TID: N/A] WARN  com.zaxxer.hikari.pool.PoolBase - HikariPool-1 - Failed to validate connection com.mysql.cj.jdbc.ConnectionImpl@a713607 (No operations allowed after connection closed.). Possibly consider using a shorter maxLifetime value.
2025-12-16 13:22:18.012 [http-nio-9300-exec-5] [TID: N/A] WARN  com.zaxxer.hikari.pool.PoolBase - HikariPool-1 - Failed to validate connection com.mysql.cj.jdbc.ConnectionImpl@5db3751 (No operations allowed after connection closed.). Possibly consider using a shorter maxLifetime value.
2025-12-16 13:22:23.016 [http-nio-9300-exec-5] [TID: N/A] WARN  com.zaxxer.hikari.pool.PoolBase - HikariPool-1 - Failed to validate connection com.mysql.cj.jdbc.ConnectionImpl@7d342238 (No operations allowed after connection closed.). Possibly consider using a shorter maxLifetime value.
2025-12-16 14:27:45.927 [Thread-2] [TID: N/A] WARN  c.a.n.c.http.HttpClientBeanHolder - [HttpClientBeanHolder] Start destroying common HttpClient
2025-12-16 14:27:45.927 [Thread-5] [TID: N/A] WARN  c.a.nacos.common.notify.NotifyCenter - [NotifyCenter] Start destroying Publisher
2025-12-16 14:27:45.929 [Thread-5] [TID: N/A] WARN  c.a.nacos.common.notify.NotifyCenter - [NotifyCenter] Destruction of the end
2025-12-16 14:27:45.933 [Thread-2] [TID: N/A] WARN  c.a.n.c.http.HttpClientBeanHolder - [HttpClientBeanHolder] Destruction of the end
2025-12-16 14:27:46.001 [SpringApplicationShutdownHook] [TID: N/A] INFO  c.a.c.n.r.NacosServiceRegistry - De-registering from Nacos Server now...
2025-12-16 14:27:46.002 [SpringApplicationShutdownHook] [TID: N/A] INFO  com.alibaba.nacos.client.naming - [DEREGISTER-SERVICE] public deregistering service wisepen-system-service with instance: Instance{instanceId='null', ip='192.168.179.1', port=9300, weight=1.0, healthy=true, enabled=true, ephemeral=true, clusterName='DEFAULT', serviceName='null', metadata={}}
2025-12-16 14:27:46.043 [SpringApplicationShutdownHook] [TID: N/A] INFO  c.a.c.n.r.NacosServiceRegistry - De-registration finished.
2025-12-16 14:27:46.044 [SpringApplicationShutdownHook] [TID: N/A] INFO  com.alibaba.nacos.client.naming - com.alibaba.nacos.client.naming.cache.ServiceInfoHolder do shutdown begin
2025-12-16 14:27:46.044 [SpringApplicationShutdownHook] [TID: N/A] INFO  com.alibaba.nacos.client.naming - com.alibaba.nacos.client.naming.backups.FailoverReactor do shutdown begin
2025-12-16 14:27:46.044 [SpringApplicationShutdownHook] [TID: N/A] INFO  com.alibaba.nacos.client.naming - com.alibaba.nacos.client.naming.backups.FailoverReactor do shutdown stop
2025-12-16 14:27:46.044 [SpringApplicationShutdownHook] [TID: N/A] INFO  com.alibaba.nacos.client.naming - com.alibaba.nacos.client.naming.cache.ServiceInfoHolder do shutdown stop
2025-12-16 14:27:46.044 [SpringApplicationShutdownHook] [TID: N/A] INFO  com.alibaba.nacos.client.naming - com.alibaba.nacos.client.naming.remote.NamingClientProxyDelegate do shutdown begin
2025-12-16 14:27:46.044 [SpringApplicationShutdownHook] [TID: N/A] INFO  com.alibaba.nacos.client.naming - com.alibaba.nacos.client.naming.core.ServiceInfoUpdateService do shutdown begin
2025-12-16 14:27:46.044 [SpringApplicationShutdownHook] [TID: N/A] INFO  com.alibaba.nacos.client.naming - com.alibaba.nacos.client.naming.core.ServiceInfoUpdateService do shutdown stop
2025-12-16 14:27:46.044 [SpringApplicationShutdownHook] [TID: N/A] INFO  com.alibaba.nacos.client.naming - com.alibaba.nacos.client.naming.core.ServerListManager do shutdown begin
2025-12-16 14:27:46.044 [SpringApplicationShutdownHook] [TID: N/A] WARN  com.alibaba.nacos.client.naming - [NamingHttpClientManager] Start destroying NacosRestTemplate
2025-12-16 14:27:46.044 [SpringApplicationShutdownHook] [TID: N/A] WARN  com.alibaba.nacos.client.naming - [NamingHttpClientManager] Destruction of the end
2025-12-16 14:27:46.044 [SpringApplicationShutdownHook] [TID: N/A] INFO  com.alibaba.nacos.client.naming - com.alibaba.nacos.client.naming.core.ServerListManager do shutdown stop
2025-12-16 14:27:46.044 [SpringApplicationShutdownHook] [TID: N/A] INFO  com.alibaba.nacos.client.naming - com.alibaba.nacos.client.naming.remote.http.NamingHttpClientProxy do shutdown begin
2025-12-16 14:27:46.044 [SpringApplicationShutdownHook] [TID: N/A] WARN  com.alibaba.nacos.client.naming - [NamingHttpClientManager] Start destroying NacosRestTemplate
2025-12-16 14:27:46.045 [SpringApplicationShutdownHook] [TID: N/A] WARN  com.alibaba.nacos.client.naming - [NamingHttpClientManager] Destruction of the end
2025-12-16 14:27:46.045 [SpringApplicationShutdownHook] [TID: N/A] INFO  com.alibaba.nacos.client.naming - com.alibaba.nacos.client.naming.remote.http.NamingHttpClientProxy do shutdown stop
2025-12-16 14:27:46.045 [SpringApplicationShutdownHook] [TID: N/A] INFO  com.alibaba.nacos.client.naming - Shutdown naming grpc client proxy for  uuid->c0d06e92-36c0-48cc-99de-9eedfcd7dd60
2025-12-16 14:27:46.045 [SpringApplicationShutdownHook] [TID: N/A] INFO  com.alibaba.nacos.client.naming - Shutdown grpc redo service executor java.util.concurrent.ScheduledThreadPoolExecutor@58c16efd[Running, pool size = 1, active threads = 0, queued tasks = 1, completed tasks = 1828]
2025-12-16 14:27:46.045 [SpringApplicationShutdownHook] [TID: N/A] INFO  c.alibaba.nacos.common.remote.client - Shutdown rpc client, set status to shutdown
2025-12-16 14:27:46.045 [SpringApplicationShutdownHook] [TID: N/A] INFO  c.alibaba.nacos.common.remote.client - Shutdown client event executor java.util.concurrent.ScheduledThreadPoolExecutor@627a890f[Running, pool size = 2, active threads = 2, queued tasks = 0, completed tasks = 0]
2025-12-16 14:27:46.045 [SpringApplicationShutdownHook] [TID: N/A] INFO  c.alibaba.nacos.common.remote.client - Close current connection 1765860966173_10.177.21.88_64465
2025-12-16 14:27:46.047 [nacos-grpc-client-executor-wisepen-dev-server-1055] [TID: N/A] INFO  c.a.n.c.r.client.grpc.GrpcClient - [1765860966173_10.177.21.88_64465]Ignore complete event,isRunning:false,isAbandon=false
2025-12-16 14:27:46.060 [SpringApplicationShutdownHook] [TID: N/A] INFO  c.a.n.c.r.client.grpc.GrpcClient - Shutdown grpc executor java.util.concurrent.ThreadPoolExecutor@1a1e38ab[Running, pool size = 4, active threads = 0, queued tasks = 0, completed tasks = 1056]
2025-12-16 14:27:46.060 [SpringApplicationShutdownHook] [TID: N/A] INFO  com.alibaba.nacos.client.naming - shutdown and remove naming rpc client  for uuid ->c0d06e92-36c0-48cc-99de-9eedfcd7dd60
2025-12-16 14:27:46.060 [SpringApplicationShutdownHook] [TID: N/A] INFO  c.a.n.c.a.r.i.CredentialWatcher - [null] CredentialWatcher is stopped
2025-12-16 14:27:46.060 [SpringApplicationShutdownHook] [TID: N/A] INFO  c.a.n.c.a.r.i.CredentialService - [null] CredentialService is freed
2025-12-16 14:27:46.061 [SpringApplicationShutdownHook] [TID: N/A] INFO  com.alibaba.nacos.client.naming - com.alibaba.nacos.client.naming.remote.NamingClientProxyDelegate do shutdown stop
2025-12-16 14:27:46.070 [SpringApplicationShutdownHook] [TID: N/A] INFO  com.zaxxer.hikari.HikariDataSource - HikariPool-1 - Shutdown initiated...
2025-12-16 14:27:46.073 [SpringApplicationShutdownHook] [TID: N/A] INFO  com.zaxxer.hikari.HikariDataSource - HikariPool-1 - Shutdown completed.
2025-12-16 14:27:53.619 [main] [TID: N/A] INFO  c.a.nacos.client.utils.ParamUtil - [settings] [req-serv] nacos-server port:8848
2025-12-16 14:27:53.620 [Thread-2] [TID: N/A] INFO  c.a.n.c.a.r.i.CredentialWatcher - null No credential found
2025-12-16 14:27:53.627 [main] [TID: N/A] INFO  c.a.nacos.client.utils.ParamUtil - [settings] [http-client] connect timeout:1000
2025-12-16 14:27:53.628 [main] [TID: N/A] INFO  c.a.nacos.client.utils.ParamUtil - PER_TASK_CONFIG_SIZE: 3000.0
2025-12-16 14:27:53.657 [main] [TID: N/A] INFO  com.alibaba.nacos.common.labels - DefaultLabelsCollectorManager get labels.....
2025-12-16 14:27:53.658 [main] [TID: N/A] INFO  com.alibaba.nacos.common.labels - Process LabelsCollector with [name:defaultNacosLabelsCollector]
2025-12-16 14:27:53.658 [main] [TID: N/A] INFO  com.alibaba.nacos.common.labels - default nacos collect properties raw labels: null
2025-12-16 14:27:53.658 [main] [TID: N/A] INFO  com.alibaba.nacos.common.labels - default nacos collect properties labels: {}
2025-12-16 14:27:53.658 [main] [TID: N/A] INFO  com.alibaba.nacos.common.labels - default nacos collect jvm raw labels: null
2025-12-16 14:27:53.658 [main] [TID: N/A] INFO  com.alibaba.nacos.common.labels - default nacos collect jvm labels: {}
2025-12-16 14:27:53.659 [main] [TID: N/A] INFO  com.alibaba.nacos.common.labels - default nacos collect env raw labels: null
2025-12-16 14:27:53.659 [main] [TID: N/A] INFO  com.alibaba.nacos.common.labels - default nacos collect env labels: {}
2025-12-16 14:27:53.659 [main] [TID: N/A] INFO  com.alibaba.nacos.common.labels - DefaultLabelsCollectorManager get labels finished,labels :{}
2025-12-16 14:27:53.666 [main] [TID: N/A] INFO  c.a.n.p.a.s.c.ClientAuthPluginManager - [ClientAuthPluginManager] Load ClientAuthService com.alibaba.nacos.client.auth.impl.NacosClientAuthServiceImpl success.
2025-12-16 14:27:53.666 [main] [TID: N/A] INFO  c.a.n.p.a.s.c.ClientAuthPluginManager - [ClientAuthPluginManager] Load ClientAuthService com.alibaba.nacos.client.auth.ram.RamClientAuthServiceImpl success.
2025-12-16 14:27:54.766 [main] [TID: N/A] INFO  c.a.n.c.c.i.LocalConfigInfoProcessor - LOCAL_SNAPSHOT_PATH:C:\Users\NeoSunJz\nacos\config
2025-12-16 14:27:54.771 [main] [TID: N/A] INFO  c.alibaba.nacos.common.remote.client - [RpcClientFactory] create a new rpc client of dd18636e-7c27-48c7-b9ee-b06e02116710_config-0
2025-12-16 14:27:54.791 [main] [TID: N/A] INFO  c.alibaba.nacos.common.remote.client - [dd18636e-7c27-48c7-b9ee-b06e02116710_config-0] Register server push request handler:com.alibaba.nacos.client.config.impl.ClientWorker$ConfigRpcTransportClient$$Lambda/0x0000017201643538
2025-12-16 14:27:54.792 [main] [TID: N/A] INFO  c.alibaba.nacos.common.remote.client - [dd18636e-7c27-48c7-b9ee-b06e02116710_config-0] Register server push request handler:com.alibaba.nacos.client.config.impl.ClientWorker$ConfigRpcTransportClient$$Lambda/0x0000017201643948
2025-12-16 14:27:54.792 [main] [TID: N/A] INFO  c.alibaba.nacos.common.remote.client - [dd18636e-7c27-48c7-b9ee-b06e02116710_config-0] Registry connection listener to current client:com.alibaba.nacos.client.config.impl.ClientWorker$ConfigRpcTransportClient$1
2025-12-16 14:27:54.793 [main] [TID: N/A] INFO  c.alibaba.nacos.common.remote.client - [dd18636e-7c27-48c7-b9ee-b06e02116710_config-0] RpcClient init, ServerListFactory = com.alibaba.nacos.client.config.impl.ClientWorker$ConfigRpcTransportClient$2
2025-12-16 14:27:54.811 [main] [TID: N/A] INFO  c.alibaba.nacos.common.remote.client - [dd18636e-7c27-48c7-b9ee-b06e02116710_config-0] Try to connect to server on start up, server: {serverIp = 'wisepen-dev-server', server main port = 8848}
2025-12-16 14:27:54.850 [main] [TID: N/A] INFO  c.a.n.c.r.client.grpc.GrpcClient - grpc client connection server:wisepen-dev-server ip,serverPort:9848,grpcTslConfig:{"sslProvider":"","enableTls":false,"mutualAuthEnable":false,"trustAll":false}
2025-12-16 14:27:55.593 [main] [TID: N/A] INFO  c.a.n.c.a.AbstractAbilityControlManager - Ready to get current node abilities...
2025-12-16 14:27:55.595 [main] [TID: N/A] INFO  c.a.n.c.a.AbstractAbilityControlManager - Ready to initialize current node abilities, support modes: [SDK_CLIENT]
2025-12-16 14:27:55.596 [main] [TID: N/A] INFO  c.a.n.c.a.AbstractAbilityControlManager - Initialize current abilities finish...
2025-12-16 14:27:55.596 [main] [TID: N/A] INFO  c.a.n.c.a.d.NacosAbilityManagerHolder - [AbilityControlManager] Successfully initialize AbilityControlManager
2025-12-16 14:27:55.615 [main] [TID: N/A] INFO  c.alibaba.nacos.common.remote.client - [dd18636e-7c27-48c7-b9ee-b06e02116710_config-0] Success to connect to server [wisepen-dev-server:8848] on start up, connectionId = 1765866475786_10.177.21.88_55886
2025-12-16 14:27:55.615 [com.alibaba.nacos.client.remote.worker.0] [TID: N/A] INFO  c.alibaba.nacos.common.remote.client - [dd18636e-7c27-48c7-b9ee-b06e02116710_config-0] Notify connected event to listeners.
2025-12-16 14:27:55.616 [com.alibaba.nacos.client.remote.worker.0] [TID: N/A] INFO  c.a.n.c.config.impl.ClientWorker - [dd18636e-7c27-48c7-b9ee-b06e02116710_config-0] Connected,notify listen context...
2025-12-16 14:27:55.616 [main] [TID: N/A] INFO  c.alibaba.nacos.common.remote.client - [dd18636e-7c27-48c7-b9ee-b06e02116710_config-0] Register server push request handler:com.alibaba.nacos.common.remote.client.RpcClient$ConnectResetRequestHandler
2025-12-16 14:27:55.616 [main] [TID: N/A] INFO  c.alibaba.nacos.common.remote.client - [dd18636e-7c27-48c7-b9ee-b06e02116710_config-0] Register server push request handler:com.alibaba.nacos.common.remote.client.RpcClient$$Lambda/0x0000017201792d30
2025-12-16 14:27:55.674 [main] [TID: N/A] INFO  c.a.nacos.client.config.impl.Limiter - limitTime:5.0
2025-12-16 14:27:55.694 [main] [TID: N/A] WARN  c.a.c.n.c.NacosPropertySourceBuilder - Ignore the empty nacos configuration and get it based on dataId[wisepen-system-service] & group[DEFAULT_GROUP]
2025-12-16 14:27:55.699 [main] [TID: N/A] WARN  c.a.c.n.c.NacosPropertySourceBuilder - Ignore the empty nacos configuration and get it based on dataId[wisepen-system-service.yaml] & group[DEFAULT_GROUP]
2025-12-16 14:27:55.705 [main] [TID: N/A] INFO  c.a.n.client.config.utils.JvmUtil - isMultiInstance:false
2025-12-16 14:27:55.710 [main] [TID: N/A] INFO  o.s.c.b.c.PropertySourceBootstrapConfiguration - Located property source: [BootstrapPropertySource {name='bootstrapProperties-wisepen-system-service-dev.yaml,DEFAULT_GROUP'}, BootstrapPropertySource {name='bootstrapProperties-wisepen-system-service.yaml,DEFAULT_GROUP'}, BootstrapPropertySource {name='bootstrapProperties-wisepen-system-service,DEFAULT_GROUP'}]
2025-12-16 14:27:55.715 [main] [TID: N/A] INFO  c.o.wisepen.system.SystemApplication - The following 1 profile is active: "dev"
2025-12-16 14:27:56.298 [main] [TID: N/A] INFO  o.s.d.r.c.RepositoryConfigurationDelegate - Multiple Spring Data modules found, entering strict repository configuration mode
2025-12-16 14:27:56.300 [main] [TID: N/A] INFO  o.s.d.r.c.RepositoryConfigurationDelegate - Bootstrapping Spring Data Redis repositories in DEFAULT mode.
2025-12-16 14:27:56.316 [main] [TID: N/A] INFO  o.s.d.r.c.RepositoryConfigurationDelegate - Finished Spring Data repository scanning in 5 ms. Found 0 Redis repository interfaces.
2025-12-16 14:27:56.497 [main] [TID: N/A] INFO  o.s.cloud.context.scope.GenericScope - BeanFactory id=21d4b129-5c39-3f64-bf1e-b593328abe8b
2025-12-16 14:27:56.673 [main] [TID: N/A] WARN  o.s.c.s.PostProcessorRegistrationDelegate$BeanPostProcessorChecker - Bean 'org.springframework.cloud.client.loadbalancer.LoadBalancerAutoConfiguration$DeferringLoadBalancerInterceptorConfig' of type [org.springframework.cloud.client.loadbalancer.LoadBalancerAutoConfiguration$DeferringLoadBalancerInterceptorConfig] is not eligible for getting processed by all BeanPostProcessors (for example: not eligible for auto-proxying). The currently created BeanPostProcessor [lbRestClientPostProcessor] is declared through a non-static factory method on that class; consider declaring it as static instead.
2025-12-16 14:27:56.674 [main] [TID: N/A] WARN  o.s.c.s.PostProcessorRegistrationDelegate$BeanPostProcessorChecker - Bean 'deferringLoadBalancerInterceptor' of type [org.springframework.cloud.client.loadbalancer.DeferringLoadBalancerInterceptor] is not eligible for getting processed by all BeanPostProcessors (for example: not eligible for auto-proxying). Is this bean getting eagerly injected into a currently created BeanPostProcessor [lbRestClientPostProcessor]? Check the corresponding BeanPostProcessor declaration and its dependencies.
2025-12-16 14:27:56.876 [main] [TID: N/A] INFO  o.s.b.w.e.tomcat.TomcatWebServer - Tomcat initialized with port 9300 (http)
2025-12-16 14:27:56.893 [main] [TID: N/A] INFO  o.a.coyote.http11.Http11NioProtocol - Initializing ProtocolHandler ["http-nio-9300"]
2025-12-16 14:27:56.896 [main] [TID: N/A] INFO  o.a.catalina.core.StandardService - Starting service [Tomcat]
2025-12-16 14:27:56.896 [main] [TID: N/A] INFO  o.a.catalina.core.StandardEngine - Starting Servlet engine: [Apache Tomcat/10.1.19]
2025-12-16 14:27:56.947 [main] [TID: N/A] INFO  o.a.c.c.C.[Tomcat].[localhost].[/] - Initializing Spring embedded WebApplicationContext
2025-12-16 14:27:56.947 [main] [TID: N/A] INFO  o.s.b.w.s.c.ServletWebServerApplicationContext - Root WebApplicationContext: initialization completed in 1223 ms
2025-12-16 14:27:58.843 [main] [TID: N/A] INFO  o.s.cloud.commons.util.InetUtils - Cannot determine local hostname
2025-12-16 14:28:00.857 [main] [TID: N/A] INFO  o.s.cloud.commons.util.InetUtils - Cannot determine local hostname
2025-12-16 14:28:00.884 [main] [TID: N/A] WARN  o.s.c.l.c.LoadBalancerCacheAutoConfiguration$LoadBalancerCaffeineWarnLogger - Spring Cloud LoadBalancer is currently working with the default cache. While this cache implementation is useful for development and tests, it's recommended to use Caffeine cache in production.You can switch to using Caffeine cache, by adding it and org.springframework.cache.caffeine.CaffeineCacheManager to the classpath.
2025-12-16 14:28:00.934 [main] [TID: N/A] INFO  o.a.coyote.http11.Http11NioProtocol - Starting ProtocolHandler ["http-nio-9300"]
2025-12-16 14:28:00.960 [main] [TID: N/A] INFO  o.s.b.w.e.tomcat.TomcatWebServer - Tomcat started on port 9300 (http) with context path ''
2025-12-16 14:28:00.965 [main] [TID: N/A] INFO  com.alibaba.nacos.client.naming - initializer namespace from ans.namespace attribute : null
2025-12-16 14:28:00.967 [main] [TID: N/A] INFO  com.alibaba.nacos.client.naming - initializer namespace from ALIBABA_ALIWARE_NAMESPACE attribute :null
2025-12-16 14:28:00.968 [main] [TID: N/A] INFO  com.alibaba.nacos.client.naming - initializer namespace from namespace attribute :null
2025-12-16 14:28:00.976 [main] [TID: N/A] INFO  com.alibaba.nacos.client.naming - FailoverDataSource type is class com.alibaba.nacos.client.naming.backups.datasource.DiskFailoverDataSource
2025-12-16 14:28:00.983 [main] [TID: N/A] INFO  c.a.n.p.a.s.c.ClientAuthPluginManager - [ClientAuthPluginManager] Load ClientAuthService com.alibaba.nacos.client.auth.impl.NacosClientAuthServiceImpl success.
2025-12-16 14:28:00.983 [main] [TID: N/A] INFO  c.a.n.p.a.s.c.ClientAuthPluginManager - [ClientAuthPluginManager] Load ClientAuthService com.alibaba.nacos.client.auth.ram.RamClientAuthServiceImpl success.
2025-12-16 14:28:00.988 [main] [TID: N/A] INFO  c.alibaba.nacos.common.remote.client - [RpcClientFactory] create a new rpc client of 92325b62-a36b-4c88-a7a6-c27118ce0f35
2025-12-16 14:28:00.992 [main] [TID: N/A] INFO  com.alibaba.nacos.client.naming - Create naming rpc client for uuid->92325b62-a36b-4c88-a7a6-c27118ce0f35
2025-12-16 14:28:00.992 [main] [TID: N/A] INFO  c.alibaba.nacos.common.remote.client - [92325b62-a36b-4c88-a7a6-c27118ce0f35] RpcClient init, ServerListFactory = com.alibaba.nacos.client.naming.core.ServerListManager
2025-12-16 14:28:00.992 [main] [TID: N/A] INFO  c.alibaba.nacos.common.remote.client - [92325b62-a36b-4c88-a7a6-c27118ce0f35] Registry connection listener to current client:com.alibaba.nacos.client.naming.remote.gprc.redo.NamingGrpcRedoService
2025-12-16 14:28:00.992 [main] [TID: N/A] INFO  c.alibaba.nacos.common.remote.client - [92325b62-a36b-4c88-a7a6-c27118ce0f35] Register server push request handler:com.alibaba.nacos.client.naming.remote.gprc.NamingPushRequestHandler
2025-12-16 14:28:00.993 [main] [TID: N/A] INFO  c.alibaba.nacos.common.remote.client - [92325b62-a36b-4c88-a7a6-c27118ce0f35] Try to connect to server on start up, server: {serverIp = 'wisepen-dev-server', server main port = 8848}
2025-12-16 14:28:00.993 [main] [TID: N/A] INFO  c.a.n.c.r.client.grpc.GrpcClient - grpc client connection server:wisepen-dev-server ip,serverPort:9848,grpcTslConfig:{"sslProvider":"","enableTls":false,"mutualAuthEnable":false,"trustAll":false}
2025-12-16 14:28:01.015 [main] [TID: N/A] INFO  c.alibaba.nacos.common.remote.client - [92325b62-a36b-4c88-a7a6-c27118ce0f35] Success to connect to server [wisepen-dev-server:8848] on start up, connectionId = 1765866481309_10.177.21.88_62553
2025-12-16 14:28:01.015 [main] [TID: N/A] INFO  c.alibaba.nacos.common.remote.client - [92325b62-a36b-4c88-a7a6-c27118ce0f35] Register server push request handler:com.alibaba.nacos.common.remote.client.RpcClient$ConnectResetRequestHandler
2025-12-16 14:28:01.015 [com.alibaba.nacos.client.remote.worker.1] [TID: N/A] INFO  c.alibaba.nacos.common.remote.client - [92325b62-a36b-4c88-a7a6-c27118ce0f35] Notify connected event to listeners.
2025-12-16 14:28:01.015 [main] [TID: N/A] INFO  c.alibaba.nacos.common.remote.client - [92325b62-a36b-4c88-a7a6-c27118ce0f35] Register server push request handler:com.alibaba.nacos.common.remote.client.RpcClient$$Lambda/0x0000017201792d30
2025-12-16 14:28:01.015 [com.alibaba.nacos.client.remote.worker.1] [TID: N/A] INFO  com.alibaba.nacos.client.naming - Grpc connection connect
2025-12-16 14:28:01.017 [main] [TID: N/A] INFO  com.alibaba.nacos.client.naming - [REGISTER-SERVICE] public registering service wisepen-system-service with instance Instance{instanceId='null', ip='192.168.179.1', port=9300, weight=1.0, healthy=true, enabled=true, ephemeral=true, clusterName='DEFAULT', serviceName='null', metadata={IPv6=[2001:da8:8001:7a20:943d:e251:5e3d:988d], preserved.register.source=SPRING_CLOUD}}
2025-12-16 14:28:01.026 [main] [TID: N/A] INFO  c.a.c.n.r.NacosServiceRegistry - nacos registry, DEFAULT_GROUP wisepen-system-service 192.168.179.1:9300 register finished
2025-12-16 14:28:02.030 [main] [TID: N/A] INFO  o.s.cloud.commons.util.InetUtils - Cannot determine local hostname
2025-12-16 14:28:02.037 [main] [TID: N/A] INFO  c.o.wisepen.system.SystemApplication - Started SystemApplication in 10.119 seconds (process running for 12.158)
2025-12-16 14:28:02.044 [main] [TID: N/A] INFO  c.a.n.client.config.impl.CacheData - config listener notify warn timeout millis use default 60000 millis 
2025-12-16 14:28:02.044 [main] [TID: N/A] INFO  c.a.n.client.config.impl.CacheData - nacos.cache.data.init.snapshot = true 
2025-12-16 14:28:02.045 [main] [TID: N/A] INFO  c.a.n.c.config.impl.ClientWorker - [fixed-wisepen-dev-server_8848] [subscribe] wisepen-system-service-dev.yaml+DEFAULT_GROUP
2025-12-16 14:28:02.054 [main] [TID: N/A] INFO  c.a.n.client.config.impl.CacheData - [fixed-wisepen-dev-server_8848] [add-listener] ok, tenant=, dataId=wisepen-system-service-dev.yaml, group=DEFAULT_GROUP, cnt=1
2025-12-16 14:28:02.054 [main] [TID: N/A] INFO  c.a.c.n.r.NacosContextRefresher - [Nacos Config] Listening config: dataId=wisepen-system-service-dev.yaml, group=DEFAULT_GROUP
2025-12-16 14:28:02.054 [main] [TID: N/A] INFO  c.a.n.c.config.impl.ClientWorker - [fixed-wisepen-dev-server_8848] [subscribe] wisepen-system-service.yaml+DEFAULT_GROUP
2025-12-16 14:28:02.054 [main] [TID: N/A] INFO  c.a.n.client.config.impl.CacheData - [fixed-wisepen-dev-server_8848] [add-listener] ok, tenant=, dataId=wisepen-system-service.yaml, group=DEFAULT_GROUP, cnt=1
2025-12-16 14:28:02.054 [main] [TID: N/A] INFO  c.a.c.n.r.NacosContextRefresher - [Nacos Config] Listening config: dataId=wisepen-system-service.yaml, group=DEFAULT_GROUP
2025-12-16 14:28:02.055 [main] [TID: N/A] INFO  c.a.n.c.config.impl.ClientWorker - [fixed-wisepen-dev-server_8848] [subscribe] wisepen-system-service+DEFAULT_GROUP
2025-12-16 14:28:02.055 [main] [TID: N/A] INFO  c.a.n.client.config.impl.CacheData - [fixed-wisepen-dev-server_8848] [add-listener] ok, tenant=, dataId=wisepen-system-service, group=DEFAULT_GROUP, cnt=1
2025-12-16 14:28:02.055 [main] [TID: N/A] INFO  c.a.c.n.r.NacosContextRefresher - [Nacos Config] Listening config: dataId=wisepen-system-service, group=DEFAULT_GROUP
2025-12-16 14:28:32.557 [Thread-3] [TID: N/A] WARN  c.a.n.c.http.HttpClientBeanHolder - [HttpClientBeanHolder] Start destroying common HttpClient
2025-12-16 14:28:32.557 [Thread-6] [TID: N/A] WARN  c.a.nacos.common.notify.NotifyCenter - [NotifyCenter] Start destroying Publisher
2025-12-16 14:28:32.557 [Thread-6] [TID: N/A] WARN  c.a.nacos.common.notify.NotifyCenter - [NotifyCenter] Destruction of the end
2025-12-16 14:28:32.558 [Thread-3] [TID: N/A] WARN  c.a.n.c.http.HttpClientBeanHolder - [HttpClientBeanHolder] Destruction of the end
2025-12-16 14:28:32.574 [SpringApplicationShutdownHook] [TID: N/A] INFO  c.a.c.n.r.NacosServiceRegistry - De-registering from Nacos Server now...
2025-12-16 14:28:32.574 [SpringApplicationShutdownHook] [TID: N/A] INFO  com.alibaba.nacos.client.naming - [DEREGISTER-SERVICE] public deregistering service wisepen-system-service with instance: Instance{instanceId='null', ip='192.168.179.1', port=9300, weight=1.0, healthy=true, enabled=true, ephemeral=true, clusterName='DEFAULT', serviceName='null', metadata={}}
2025-12-16 14:28:32.579 [SpringApplicationShutdownHook] [TID: N/A] INFO  c.a.c.n.r.NacosServiceRegistry - De-registration finished.
2025-12-16 14:28:32.579 [SpringApplicationShutdownHook] [TID: N/A] INFO  com.alibaba.nacos.client.naming - com.alibaba.nacos.client.naming.cache.ServiceInfoHolder do shutdown begin
2025-12-16 14:28:32.579 [SpringApplicationShutdownHook] [TID: N/A] INFO  com.alibaba.nacos.client.naming - com.alibaba.nacos.client.naming.backups.FailoverReactor do shutdown begin
2025-12-16 14:28:32.580 [SpringApplicationShutdownHook] [TID: N/A] INFO  com.alibaba.nacos.client.naming - com.alibaba.nacos.client.naming.backups.FailoverReactor do shutdown stop
2025-12-16 14:28:32.580 [SpringApplicationShutdownHook] [TID: N/A] INFO  com.alibaba.nacos.client.naming - com.alibaba.nacos.client.naming.cache.ServiceInfoHolder do shutdown stop
2025-12-16 14:28:32.580 [SpringApplicationShutdownHook] [TID: N/A] INFO  com.alibaba.nacos.client.naming - com.alibaba.nacos.client.naming.remote.NamingClientProxyDelegate do shutdown begin
2025-12-16 14:28:32.580 [SpringApplicationShutdownHook] [TID: N/A] INFO  com.alibaba.nacos.client.naming - com.alibaba.nacos.client.naming.core.ServiceInfoUpdateService do shutdown begin
2025-12-16 14:28:32.580 [SpringApplicationShutdownHook] [TID: N/A] INFO  com.alibaba.nacos.client.naming - com.alibaba.nacos.client.naming.core.ServiceInfoUpdateService do shutdown stop
2025-12-16 14:28:32.580 [SpringApplicationShutdownHook] [TID: N/A] INFO  com.alibaba.nacos.client.naming - com.alibaba.nacos.client.naming.core.ServerListManager do shutdown begin
2025-12-16 14:28:32.580 [SpringApplicationShutdownHook] [TID: N/A] WARN  com.alibaba.nacos.client.naming - [NamingHttpClientManager] Start destroying NacosRestTemplate
2025-12-16 14:28:32.580 [SpringApplicationShutdownHook] [TID: N/A] WARN  com.alibaba.nacos.client.naming - [NamingHttpClientManager] Destruction of the end
2025-12-16 14:28:32.580 [SpringApplicationShutdownHook] [TID: N/A] INFO  com.alibaba.nacos.client.naming - com.alibaba.nacos.client.naming.core.ServerListManager do shutdown stop
2025-12-16 14:28:32.580 [SpringApplicationShutdownHook] [TID: N/A] INFO  com.alibaba.nacos.client.naming - com.alibaba.nacos.client.naming.remote.http.NamingHttpClientProxy do shutdown begin
2025-12-16 14:28:32.580 [SpringApplicationShutdownHook] [TID: N/A] WARN  com.alibaba.nacos.client.naming - [NamingHttpClientManager] Start destroying NacosRestTemplate
2025-12-16 14:28:32.580 [SpringApplicationShutdownHook] [TID: N/A] WARN  com.alibaba.nacos.client.naming - [NamingHttpClientManager] Destruction of the end
2025-12-16 14:28:32.580 [SpringApplicationShutdownHook] [TID: N/A] INFO  com.alibaba.nacos.client.naming - com.alibaba.nacos.client.naming.remote.http.NamingHttpClientProxy do shutdown stop
2025-12-16 14:28:32.580 [SpringApplicationShutdownHook] [TID: N/A] INFO  com.alibaba.nacos.client.naming - Shutdown naming grpc client proxy for  uuid->92325b62-a36b-4c88-a7a6-c27118ce0f35
2025-12-16 14:28:32.580 [SpringApplicationShutdownHook] [TID: N/A] INFO  com.alibaba.nacos.client.naming - Shutdown grpc redo service executor java.util.concurrent.ScheduledThreadPoolExecutor@13e3f9a9[Running, pool size = 1, active threads = 0, queued tasks = 1, completed tasks = 10]
2025-12-16 14:28:32.580 [SpringApplicationShutdownHook] [TID: N/A] INFO  c.alibaba.nacos.common.remote.client - Shutdown rpc client, set status to shutdown
2025-12-16 14:28:32.580 [SpringApplicationShutdownHook] [TID: N/A] INFO  c.alibaba.nacos.common.remote.client - Shutdown client event executor java.util.concurrent.ScheduledThreadPoolExecutor@4b04b77d[Running, pool size = 2, active threads = 2, queued tasks = 0, completed tasks = 0]
2025-12-16 14:28:32.581 [SpringApplicationShutdownHook] [TID: N/A] INFO  c.alibaba.nacos.common.remote.client - Close current connection 1765866481309_10.177.21.88_62553
2025-12-16 14:28:32.583 [nacos-grpc-client-executor-wisepen-dev-server-14] [TID: N/A] INFO  c.a.n.c.r.client.grpc.GrpcClient - [1765866481309_10.177.21.88_62553]Ignore complete event,isRunning:false,isAbandon=false
2025-12-16 14:28:32.592 [SpringApplicationShutdownHook] [TID: N/A] INFO  c.a.n.c.r.client.grpc.GrpcClient - Shutdown grpc executor java.util.concurrent.ThreadPoolExecutor@4cd47801[Running, pool size = 4, active threads = 0, queued tasks = 0, completed tasks = 15]
2025-12-16 14:28:32.592 [SpringApplicationShutdownHook] [TID: N/A] INFO  com.alibaba.nacos.client.naming - shutdown and remove naming rpc client  for uuid ->92325b62-a36b-4c88-a7a6-c27118ce0f35
2025-12-16 14:28:32.593 [SpringApplicationShutdownHook] [TID: N/A] INFO  c.a.n.c.a.r.i.CredentialWatcher - [null] CredentialWatcher is stopped
2025-12-16 14:28:32.593 [SpringApplicationShutdownHook] [TID: N/A] INFO  c.a.n.c.a.r.i.CredentialService - [null] CredentialService is freed
2025-12-16 14:28:32.593 [SpringApplicationShutdownHook] [TID: N/A] INFO  com.alibaba.nacos.client.naming - com.alibaba.nacos.client.naming.remote.NamingClientProxyDelegate do shutdown stop
